mkdir: cannot create directory ‘select’: File exists
IV.AOI.cc.EHZ.P
Matching pairs: 1 of 0   0.03: 0
Fri May 17 13:32:45 EDT 2024
IV.AOI.cc.HHZ.P
Matching pairs: 1 of 0   0.03: 0
Fri May 17 13:32:45 EDT 2024
IV.AOI.cc.HNZ.P
Matching pairs: 1 of 0   0.03: 0
Fri May 17 13:32:45 EDT 2024
IV.ARRO.cc.EHZ.P
Matching pairs: 1 of 0   0.03: 0
Fri May 17 13:32:45 EDT 2024
IV.ARRO.cc.HHZ.P
Matching pairs: 1 of 0   0.03: 0
Fri May 17 13:32:45 EDT 2024
IV.ARRO.cc.HNZ.P
Matching pairs: 1 of 0   0.03: 0
Fri May 17 13:32:45 EDT 2024
IV.ARVD.cc.EHZ.P
Matching pairs: 1 of 0   0.03: 0
Fri May 17 13:32:45 EDT 2024
IV.ARVD.cc.HHZ.P
Matching pairs: 1 of 0   0.03: 0
Fri May 17 13:32:45 EDT 2024
IV.ARVD.cc.HNZ.P
Matching pairs: 1 of 0   0.03: 0
Fri May 17 13:32:45 EDT 2024
IV.ATCC.cc.EHZ.P
Matching pairs: 1 of 0   0.03: 0
Fri May 17 13:32:45 EDT 2024
IV.ATCC.cc.HHZ.P
Matching pairs: 1 of 0   0.03: 0
Fri May 17 13:32:45 EDT 2024
IV.ATCC.cc.HNZ.P
Matching pairs: 1 of 0   0.03: 0
Fri May 17 13:32:45 EDT 2024
IV.ATFO.cc.EHZ.P
Matching pairs: 1 of 0   0.03: 0
Fri May 17 13:32:45 EDT 2024
IV.ATFO.cc.HHZ.P
Matching pairs: 1 of 0   0.03: 0
Fri May 17 13:32:45 EDT 2024
IV.ATFO.cc.HNZ.P
Matching pairs: 1 of 0   0.03: 0
Fri May 17 13:32:45 EDT 2024
IV.CADA.cc.EHZ.P
Matching pairs: 1 of 0   0.03: 0
Fri May 17 13:32:45 EDT 2024
IV.CADA.cc.HHZ.P
Matching pairs: 1 of 0   0.03: 0
Fri May 17 13:32:45 EDT 2024
IV.CADA.cc.HNZ.P
Matching pairs: 1 of 0   0.03: 0
Fri May 17 13:32:45 EDT 2024
IV.CERT.cc.EHZ.P
Matching pairs: 1 of 0   0.03: 0
Fri May 17 13:32:45 EDT 2024
IV.CERT.cc.HHZ.P
Matching pairs: 1 of 0   0.03: 0
Fri May 17 13:32:45 EDT 2024
IV.CERT.cc.HNZ.P
Matching pairs: 1 of 0   0.03: 0
Fri May 17 13:32:45 EDT 2024
IV.CESI.cc.EHZ.P
Matching pairs: 1 of 0   0.03: 0
Fri May 17 13:32:45 EDT 2024
IV.CESI.cc.HHZ.P
Matching pairs: 1 of 0   0.03: 0
Fri May 17 13:32:45 EDT 2024
IV.CESI.cc.HNZ.P
Matching pairs: 1 of 0   0.03: 0
Fri May 17 13:32:45 EDT 2024
IV.CESX.cc.EHZ.P
Matching pairs: 1 of 0   0.03: 0
Fri May 17 13:32:45 EDT 2024
IV.CESX.cc.HHZ.P
Matching pairs: 1 of 0   0.03: 0
Fri May 17 13:32:45 EDT 2024
IV.CESX.cc.HNZ.P
Matching pairs: 1 of 0   0.03: 0
Fri May 17 13:32:45 EDT 2024
IV.CING.cc.EHZ.P
Matching pairs: 1 of 0   0.03: 0
Fri May 17 13:32:45 EDT 2024
IV.CING.cc.HHZ.P
Matching pairs: 1 of 0   0.03: 0
Fri May 17 13:32:45 EDT 2024
IV.CING.cc.HNZ.P
Matching pairs: 1 of 0   0.03: 0
Fri May 17 13:32:45 EDT 2024
IV.COR1.cc.EHZ.P
Matching pairs: 1 of 0   0.03: 0
Fri May 17 13:32:45 EDT 2024
IV.COR1.cc.HHZ.P
Matching pairs: 1 of 0   0.03: 0
Fri May 17 13:32:45 EDT 2024
IV.COR1.cc.HNZ.P
Matching pairs: 1 of 0   0.03: 0
Fri May 17 13:32:45 EDT 2024
IV.CSP1.cc.EHZ.P
Matching pairs: 1 of 0   0.03: 0
Fri May 17 13:32:45 EDT 2024
IV.CSP1.cc.HHZ.P
Matching pairs: 1 of 0   0.03: 0
Fri May 17 13:32:45 EDT 2024
IV.CSP1.cc.HNZ.P
Matching pairs: 1 of 0   0.03: 0
Fri May 17 13:32:45 EDT 2024
IV.EL6.cc.EHZ.P
Matching pairs: 1 of 0   0.03: 0
Fri May 17 13:32:45 EDT 2024
IV.EL6.cc.HHZ.P
Matching pairs: 1 of 0   0.03: 0
Fri May 17 13:32:45 EDT 2024
IV.EL6.cc.HNZ.P
Matching pairs: 1 of 0   0.03: 0
Fri May 17 13:32:45 EDT 2024
IV.FAGN.cc.EHZ.P
Matching pairs: 1 of 0   0.03: 0
Fri May 17 13:32:45 EDT 2024
IV.FAGN.cc.HHZ.P
Matching pairs: 1 of 0   0.03: 0
Fri May 17 13:32:45 EDT 2024
IV.FAGN.cc.HNZ.P
Matching pairs: 1 of 0   0.03: 0
Fri May 17 13:32:45 EDT 2024
IV.FDMO.cc.EHZ.P
Matching pairs: 1 of 0   0.03: 0
Fri May 17 13:32:45 EDT 2024
IV.FDMO.cc.HHZ.P
Matching pairs: 1 of 0   0.03: 0
Fri May 17 13:32:45 EDT 2024
IV.FDMO.cc.HNZ.P
Matching pairs: 1 of 0   0.03: 0
Fri May 17 13:32:45 EDT 2024
IV.FIAM.cc.EHZ.P
Matching pairs: 1 of 0   0.03: 0
Fri May 17 13:32:45 EDT 2024
IV.FIAM.cc.HHZ.P
Matching pairs: 1 of 0   0.03: 0
Fri May 17 13:32:45 EDT 2024
IV.FIAM.cc.HNZ.P
Matching pairs: 1 of 0   0.03: 0
Fri May 17 13:32:45 EDT 2024
IV.FIU1.cc.EHZ.P
Matching pairs: 1 of 0   0.03: 0
Fri May 17 13:32:45 EDT 2024
IV.FIU1.cc.HHZ.P
Matching pairs: 1 of 0   0.03: 0
Fri May 17 13:32:45 EDT 2024
IV.FIU1.cc.HNZ.P
Matching pairs: 1 of 0   0.03: 0
Fri May 17 13:32:45 EDT 2024
IV.FOSV.cc.EHZ.P
Matching pairs: 1 of 0   0.03: 0
Fri May 17 13:32:45 EDT 2024
IV.FOSV.cc.HHZ.P
Matching pairs: 1 of 0   0.03: 0
Fri May 17 13:32:45 EDT 2024
IV.FOSV.cc.HNZ.P
Matching pairs: 1 of 0   0.03: 0
Fri May 17 13:32:45 EDT 2024
IV.FRON.cc.EHZ.P
Matching pairs: 1 of 0   0.03: 0
Fri May 17 13:32:45 EDT 2024
IV.FRON.cc.HHZ.P
Matching pairs: 1 of 0   0.03: 0
Fri May 17 13:32:45 EDT 2024
IV.FRON.cc.HNZ.P
Matching pairs: 1 of 0   0.03: 0
Fri May 17 13:32:45 EDT 2024
IV.GAG1.cc.EHZ.P
Matching pairs: 1 of 0   0.03: 0
Fri May 17 13:32:45 EDT 2024
IV.GAG1.cc.HHZ.P
Matching pairs: 1 of 0   0.03: 0
Fri May 17 13:32:45 EDT 2024
IV.GAG1.cc.HNZ.P
Matching pairs: 1 of 0   0.03: 0
Fri May 17 13:32:45 EDT 2024
IV.GIGS.cc.EHZ.P
Matching pairs: 1 of 0   0.03: 0
Fri May 17 13:32:45 EDT 2024
IV.GIGS.cc.HHZ.P
Matching pairs: 1 of 0   0.03: 0
Fri May 17 13:32:45 EDT 2024
IV.GIGS.cc.HNZ.P
Matching pairs: 1 of 0   0.03: 0
Fri May 17 13:32:45 EDT 2024
IV.GUAR.cc.EHZ.P
Matching pairs: 1 of 0   0.03: 0
Fri May 17 13:32:45 EDT 2024
IV.GUAR.cc.HHZ.P
Matching pairs: 1 of 0   0.03: 0
Fri May 17 13:32:45 EDT 2024
IV.GUAR.cc.HNZ.P
Matching pairs: 1 of 0   0.03: 0
Fri May 17 13:32:45 EDT 2024
IV.GUMA.cc.EHZ.P
Matching pairs: 1 of 0   0.03: 0
Fri May 17 13:32:45 EDT 2024
IV.GUMA.cc.HHZ.P
Matching pairs: 1 of 0   0.03: 0
Fri May 17 13:32:45 EDT 2024
IV.GUMA.cc.HNZ.P
Matching pairs: 1 of 0   0.03: 0
Fri May 17 13:32:45 EDT 2024
IV.INTR.cc.EHZ.P
Matching pairs: 1 of 0   0.03: 0
Fri May 17 13:32:45 EDT 2024
IV.INTR.cc.HHZ.P
Matching pairs: 1 of 0   0.03: 0
Fri May 17 13:32:45 EDT 2024
IV.INTR.cc.HNZ.P
Matching pairs: 1 of 0   0.03: 0
Fri May 17 13:32:45 EDT 2024
IV.LNSS.cc.EHZ.P
Matching pairs: 1 of 0   0.03: 0
Fri May 17 13:32:45 EDT 2024
IV.LNSS.cc.HHZ.P
Matching pairs: 1 of 0   0.03: 0
Fri May 17 13:32:45 EDT 2024
IV.LNSS.cc.HNZ.P
Matching pairs: 1 of 0   0.03: 0
Fri May 17 13:32:45 EDT 2024
IV.MC2.cc.EHZ.P
Matching pairs: 1 of 0   0.03: 0
Fri May 17 13:32:45 EDT 2024
IV.MC2.cc.HHZ.P
Matching pairs: 1 of 0   0.03: 0
Fri May 17 13:32:45 EDT 2024
IV.MC2.cc.HNZ.P
Matching pairs: 1 of 0   0.03: 0
Fri May 17 13:32:45 EDT 2024
IV.MDAR.cc.EHZ.P
Matching pairs: 1 of 0   0.03: 0
Fri May 17 13:32:45 EDT 2024
IV.MDAR.cc.HHZ.P
Matching pairs: 1 of 0   0.03: 0
Fri May 17 13:32:45 EDT 2024
IV.MDAR.cc.HNZ.P
Matching pairs: 1 of 0   0.03: 0
Fri May 17 13:32:45 EDT 2024
IV.MMO1.cc.EHZ.P
Matching pairs: 1 of 0   0.03: 0
Fri May 17 13:32:45 EDT 2024
IV.MMO1.cc.HHZ.P
Matching pairs: 1 of 0   0.03: 0
Fri May 17 13:32:45 EDT 2024
IV.MMO1.cc.HNZ.P
Matching pairs: 1 of 0   0.03: 0
Fri May 17 13:32:45 EDT 2024
IV.MMUR.cc.EHZ.P
Matching pairs: 1 of 0   0.03: 0
Fri May 17 13:32:45 EDT 2024
IV.MMUR.cc.HHZ.P
Matching pairs: 1 of 0   0.03: 0
Fri May 17 13:32:45 EDT 2024
IV.MMUR.cc.HNZ.P
Matching pairs: 1 of 0   0.03: 0
Fri May 17 13:32:45 EDT 2024
IV.MNTP.cc.EHZ.P
Matching pairs: 1 of 0   0.03: 0
Fri May 17 13:32:45 EDT 2024
IV.MNTP.cc.HHZ.P
Matching pairs: 1 of 0   0.03: 0
Fri May 17 13:32:45 EDT 2024
IV.MNTP.cc.HNZ.P
Matching pairs: 1 of 0   0.03: 0
Fri May 17 13:32:45 EDT 2024
IV.MTCE.cc.EHZ.P
Matching pairs: 1 of 0   0.03: 0
Fri May 17 13:32:45 EDT 2024
IV.MTCE.cc.HHZ.P
Matching pairs: 1 of 0   0.03: 0
Fri May 17 13:32:45 EDT 2024
IV.MTCE.cc.HNZ.P
Matching pairs: 1 of 0   0.03: 0
Fri May 17 13:32:45 EDT 2024
IV.MTL1.cc.EHZ.P
Matching pairs: 1 of 0   0.03: 0
Fri May 17 13:32:45 EDT 2024
IV.MTL1.cc.HHZ.P
Matching pairs: 1 of 0   0.03: 0
Fri May 17 13:32:45 EDT 2024
IV.MTL1.cc.HNZ.P
Matching pairs: 1 of 0   0.03: 0
Fri May 17 13:32:45 EDT 2024
IV.MURB.cc.EHZ.P
Matching pairs: 1 of 0   0.03: 0
Fri May 17 13:32:45 EDT 2024
IV.MURB.cc.HHZ.P
Matching pairs: 1 of 0   0.03: 0
Fri May 17 13:32:45 EDT 2024
IV.MURB.cc.HNZ.P
Matching pairs: 1 of 0   0.03: 0
Fri May 17 13:32:45 EDT 2024
IV.NRCA.cc.EHZ.P
Matching pairs: 1 of 0   0.03: 0
Fri May 17 13:32:45 EDT 2024
IV.NRCA.cc.HHZ.P
Matching pairs: 1 of 0   0.03: 0
Fri May 17 13:32:45 EDT 2024
IV.NRCA.cc.HNZ.P
Matching pairs: 1 of 0   0.03: 0
Fri May 17 13:32:45 EDT 2024
IV.OFFI.cc.EHZ.P
Matching pairs: 1 of 0   0.03: 0
Fri May 17 13:32:45 EDT 2024
IV.OFFI.cc.HHZ.P
Matching pairs: 1 of 0   0.03: 0
Fri May 17 13:32:45 EDT 2024
IV.OFFI.cc.HNZ.P
Matching pairs: 1 of 0   0.03: 0
Fri May 17 13:32:45 EDT 2024
IV.PIO1.cc.EHZ.P
Matching pairs: 1 of 0   0.03: 0
Fri May 17 13:32:45 EDT 2024
IV.PIO1.cc.HHZ.P
Matching pairs: 1 of 0   0.03: 0
Fri May 17 13:32:45 EDT 2024
IV.PIO1.cc.HNZ.P
Matching pairs: 1 of 0   0.03: 0
Fri May 17 13:32:45 EDT 2024
IV.PP3.cc.EHZ.P
Matching pairs: 1 of 0   0.03: 0
Fri May 17 13:32:45 EDT 2024
IV.PP3.cc.HHZ.P
Matching pairs: 1 of 0   0.03: 0
Fri May 17 13:32:45 EDT 2024
IV.PP3.cc.HNZ.P
Matching pairs: 1 of 0   0.03: 0
Fri May 17 13:32:45 EDT 2024
IV.PTQR.cc.EHZ.P
Matching pairs: 1 of 0   0.03: 0
Fri May 17 13:32:45 EDT 2024
IV.PTQR.cc.HHZ.P
Matching pairs: 1 of 0   0.03: 0
Fri May 17 13:32:45 EDT 2024
IV.PTQR.cc.HNZ.P
Matching pairs: 1 of 0   0.03: 0
Fri May 17 13:32:45 EDT 2024
IV.RCAV.cc.EHZ.P
Matching pairs: 1 of 0   0.03: 0
Fri May 17 13:32:45 EDT 2024
IV.RCAV.cc.HHZ.P
Matching pairs: 1 of 0   0.03: 0
Fri May 17 13:32:45 EDT 2024
IV.RCAV.cc.HNZ.P
Matching pairs: 1 of 0   0.03: 0
Fri May 17 13:32:45 EDT 2024
IV.RM33.cc.EHZ.P
Matching pairs: 1 of 0   0.03: 0
Fri May 17 13:32:45 EDT 2024
IV.RM33.cc.HHZ.P
Matching pairs: 1 of 0   0.03: 0
Fri May 17 13:32:45 EDT 2024
IV.RM33.cc.HNZ.P
Matching pairs: 1 of 0   0.03: 0
Fri May 17 13:32:45 EDT 2024
IV.SEF1.cc.EHZ.P
Matching pairs: 1 of 0   0.03: 0
Fri May 17 13:32:45 EDT 2024
IV.SEF1.cc.HHZ.P
Matching pairs: 1 of 0   0.03: 0
Fri May 17 13:32:45 EDT 2024
IV.SEF1.cc.HNZ.P
Matching pairs: 1 of 0   0.03: 0
Fri May 17 13:32:45 EDT 2024
IV.SENI.cc.EHZ.P
Matching pairs: 1 of 0   0.03: 0
Fri May 17 13:32:45 EDT 2024
IV.SENI.cc.HHZ.P
Matching pairs: 1 of 0   0.03: 0
Fri May 17 13:32:46 EDT 2024
IV.SENI.cc.HNZ.P
Matching pairs: 1 of 0   0.03: 0
Fri May 17 13:32:46 EDT 2024
IV.SNTG.cc.EHZ.P
Matching pairs: 1 of 0   0.03: 0
Fri May 17 13:32:46 EDT 2024
IV.SNTG.cc.HHZ.P
Matching pairs: 1 of 0   0.03: 0
Fri May 17 13:32:46 EDT 2024
IV.SNTG.cc.HNZ.P
Matching pairs: 1 of 0   0.03: 0
Fri May 17 13:32:46 EDT 2024
IV.SRES.cc.EHZ.P
Matching pairs: 1 of 0   0.03: 0
Fri May 17 13:32:46 EDT 2024
IV.SRES.cc.HHZ.P
Matching pairs: 1 of 0   0.03: 0
Fri May 17 13:32:46 EDT 2024
IV.SRES.cc.HNZ.P
Matching pairs: 1 of 0   0.03: 0
Fri May 17 13:32:46 EDT 2024
IV.SSFR.cc.EHZ.P
Matching pairs: 1 of 0   0.03: 0
Fri May 17 13:32:46 EDT 2024
IV.SSFR.cc.HHZ.P
Matching pairs: 1 of 0   0.03: 0
Fri May 17 13:32:46 EDT 2024
IV.SSFR.cc.HNZ.P
Matching pairs: 1 of 0   0.03: 0
Fri May 17 13:32:46 EDT 2024
IV.SSM1.cc.EHZ.P
Matching pairs: 1 of 0   0.03: 0
Fri May 17 13:32:46 EDT 2024
IV.SSM1.cc.HHZ.P
Matching pairs: 1 of 0   0.03: 0
Fri May 17 13:32:46 EDT 2024
IV.SSM1.cc.HNZ.P
Matching pairs: 1 of 0   0.03: 0
Fri May 17 13:32:46 EDT 2024
IV.T0110.cc.EHZ.P
Matching pairs: 1 of 0   0.03: 0
Fri May 17 13:32:46 EDT 2024
IV.T0110.cc.HHZ.P
Matching pairs: 1 of 0   0.03: 0
Fri May 17 13:32:46 EDT 2024
IV.T0110.cc.HNZ.P
Matching pairs: 1 of 0   0.03: 0
Fri May 17 13:32:46 EDT 2024
IV.T1201.cc.EHZ.P
Matching pairs: 1 of 0   0.03: 0
Fri May 17 13:32:46 EDT 2024
IV.T1201.cc.HHZ.P
Matching pairs: 1 of 0   0.03: 0
Fri May 17 13:32:46 EDT 2024
IV.T1201.cc.HNZ.P
Matching pairs: 1 of 0   0.03: 0
Fri May 17 13:32:46 EDT 2024
IV.T1202.cc.EHZ.P
Matching pairs: 1 of 0   0.03: 0
Fri May 17 13:32:46 EDT 2024
IV.T1202.cc.HHZ.P
Matching pairs: 1 of 0   0.03: 0
Fri May 17 13:32:46 EDT 2024
IV.T1202.cc.HNZ.P
Matching pairs: 1 of 0   0.03: 0
Fri May 17 13:32:46 EDT 2024
IV.T1211.cc.EHZ.P
Matching pairs: 7148 of 0   0.03: 0
Fri May 17 13:32:46 EDT 2024
IV.T1211.cc.HHZ.P
Matching pairs: 1 of 0   0.03: 0
Fri May 17 13:32:46 EDT 2024
IV.T1211.cc.HNZ.P
Matching pairs: 1252 of 0   0.03: 0
Fri May 17 13:32:46 EDT 2024
IV.T1212.cc.EHZ.P
Matching pairs: 130030 of 0   0.03: 0
Fri May 17 13:32:46 EDT 2024
IV.T1212.cc.HHZ.P
Matching pairs: 1 of 0   0.03: 0
Fri May 17 13:32:46 EDT 2024
IV.T1212.cc.HNZ.P
Matching pairs: 16243 of 0   0.03: 0
Fri May 17 13:32:46 EDT 2024
IV.T1214.cc.EHZ.P
Matching pairs: 75723 of 0   0.03: 0
Fri May 17 13:32:46 EDT 2024
IV.T1214.cc.HHZ.P
Matching pairs: 1 of 0   0.03: 0
Fri May 17 13:32:46 EDT 2024
IV.T1214.cc.HNZ.P
Matching pairs: 7224 of 0   0.03: 0
Fri May 17 13:32:46 EDT 2024
IV.T1215.cc.EHZ.P
Matching pairs: 64267 of 0   0.03: 0
Fri May 17 13:32:46 EDT 2024
IV.T1215.cc.HHZ.P
Matching pairs: 1 of 0   0.03: 0
Fri May 17 13:32:46 EDT 2024
IV.T1215.cc.HNZ.P
Matching pairs: 4264 of 0   0.03: 0
Fri May 17 13:32:46 EDT 2024
IV.T1216.cc.EHZ.P
Matching pairs: 23299 of 0   0.03: 0
Fri May 17 13:32:46 EDT 2024
IV.T1216.cc.HHZ.P
Matching pairs: 1 of 0   0.03: 0
Fri May 17 13:32:46 EDT 2024
IV.T1216.cc.HNZ.P
Matching pairs: 5515 of 0   0.03: 0
Fri May 17 13:32:46 EDT 2024
IV.T1217.cc.EHZ.P
Matching pairs: 15294 of 0   0.03: 0
Fri May 17 13:32:46 EDT 2024
IV.T1217.cc.HHZ.P
Matching pairs: 1 of 0   0.03: 0
Fri May 17 13:32:46 EDT 2024
IV.T1217.cc.HNZ.P
Matching pairs: 3396 of 0   0.03: 0
Fri May 17 13:32:46 EDT 2024
IV.T1218.cc.EHZ.P
Matching pairs: 1 of 0   0.03: 0
Fri May 17 13:32:46 EDT 2024
IV.T1218.cc.HHZ.P
Matching pairs: 1 of 0   0.03: 0
Fri May 17 13:32:46 EDT 2024
IV.T1218.cc.HNZ.P
Matching pairs: 1 of 0   0.03: 0
Fri May 17 13:32:46 EDT 2024
IV.T1241.cc.EHZ.P
Matching pairs: 1 of 0   0.03: 0
Fri May 17 13:32:46 EDT 2024
IV.T1241.cc.HHZ.P
Matching pairs: 1 of 0   0.03: 0
Fri May 17 13:32:46 EDT 2024
IV.T1241.cc.HNZ.P
Matching pairs: 1 of 0   0.03: 0
Fri May 17 13:32:46 EDT 2024
IV.T1243.cc.EHZ.P
Matching pairs: 1 of 0   0.03: 0
Fri May 17 13:32:46 EDT 2024
IV.T1243.cc.HHZ.P
Matching pairs: 1 of 0   0.03: 0
Fri May 17 13:32:46 EDT 2024
IV.T1243.cc.HNZ.P
Matching pairs: 1 of 0   0.03: 0
Fri May 17 13:32:46 EDT 2024
IV.T1244.cc.EHZ.P
Matching pairs: 1 of 0   0.03: 0
Fri May 17 13:32:46 EDT 2024
IV.T1244.cc.HHZ.P
Matching pairs: 1 of 0   0.03: 0
Fri May 17 13:32:46 EDT 2024
IV.T1244.cc.HNZ.P
Matching pairs: 1 of 0   0.03: 0
Fri May 17 13:32:46 EDT 2024
IV.T1245.cc.EHZ.P
Matching pairs: 1 of 0   0.03: 0
Fri May 17 13:32:46 EDT 2024
IV.T1245.cc.HHZ.P
Matching pairs: 1 of 0   0.03: 0
Fri May 17 13:32:46 EDT 2024
IV.T1245.cc.HNZ.P
Matching pairs: 1 of 0   0.03: 0
Fri May 17 13:32:46 EDT 2024
IV.T1246.cc.EHZ.P
Matching pairs: 1 of 0   0.03: 0
Fri May 17 13:32:46 EDT 2024
IV.T1246.cc.HHZ.P
Matching pairs: 1 of 0   0.03: 0
Fri May 17 13:32:46 EDT 2024
IV.T1246.cc.HNZ.P
Matching pairs: 1 of 0   0.03: 0
Fri May 17 13:32:46 EDT 2024
IV.T1247.cc.EHZ.P
Matching pairs: 1 of 0   0.03: 0
Fri May 17 13:32:46 EDT 2024
IV.T1247.cc.HHZ.P
Matching pairs: 1 of 0   0.03: 0
Fri May 17 13:32:46 EDT 2024
IV.T1247.cc.HNZ.P
Matching pairs: 1 of 0   0.03: 0
Fri May 17 13:32:46 EDT 2024
IV.T1299.cc.EHZ.P
Matching pairs: 1 of 0   0.03: 0
Fri May 17 13:32:46 EDT 2024
IV.T1299.cc.HHZ.P
Matching pairs: 1 of 0   0.03: 0
Fri May 17 13:32:46 EDT 2024
IV.T1299.cc.HNZ.P
Matching pairs: 1 of 0   0.03: 0
Fri May 17 13:32:46 EDT 2024
IV.TERO.cc.EHZ.P
Matching pairs: 1 of 0   0.03: 0
Fri May 17 13:32:46 EDT 2024
IV.TERO.cc.HHZ.P
Matching pairs: 1 of 0   0.03: 0
Fri May 17 13:32:46 EDT 2024
IV.TERO.cc.HNZ.P
Matching pairs: 1 of 0   0.03: 0
Fri May 17 13:32:46 EDT 2024
IV.TRE1.cc.EHZ.P
Matching pairs: 1 of 0   0.03: 0
Fri May 17 13:32:46 EDT 2024
IV.TRE1.cc.HHZ.P
Matching pairs: 1 of 0   0.03: 0
Fri May 17 13:32:46 EDT 2024
IV.TRE1.cc.HNZ.P
Matching pairs: 1 of 0   0.03: 0
Fri May 17 13:32:46 EDT 2024
IV.TRTR.cc.EHZ.P
Matching pairs: 1 of 0   0.03: 0
Fri May 17 13:32:46 EDT 2024
IV.TRTR.cc.HHZ.P
Matching pairs: 1 of 0   0.03: 0
Fri May 17 13:32:46 EDT 2024
IV.TRTR.cc.HNZ.P
Matching pairs: 1 of 0   0.03: 0
Fri May 17 13:32:46 EDT 2024
IV.VCEL.cc.EHZ.P
Matching pairs: 1 of 0   0.03: 0
Fri May 17 13:32:46 EDT 2024
IV.VCEL.cc.HHZ.P
Matching pairs: 1 of 0   0.03: 0
Fri May 17 13:32:46 EDT 2024
IV.VCEL.cc.HNZ.P
Matching pairs: 1 of 0   0.03: 0
Fri May 17 13:32:46 EDT 2024
IV.VVLD.cc.EHZ.P
Matching pairs: 1 of 0   0.03: 0
Fri May 17 13:32:46 EDT 2024
IV.VVLD.cc.HHZ.P
Matching pairs: 1 of 0   0.03: 0
Fri May 17 13:32:46 EDT 2024
IV.VVLD.cc.HNZ.P
Matching pairs: 1 of 0   0.03: 0
Fri May 17 13:32:46 EDT 2024
YR.ED01.cc.EHZ.P
Matching pairs: 1 of 0   0.03: 0
Fri May 17 13:32:46 EDT 2024
YR.ED01.cc.HHZ.P
Matching pairs: 44569 of 0   0.03: 0
Fri May 17 13:32:46 EDT 2024
YR.ED01.cc.HNZ.P
Matching pairs: 1 of 0   0.03: 0
Fri May 17 13:32:46 EDT 2024
YR.ED02.cc.EHZ.P
Matching pairs: 1 of 0   0.03: 0
Fri May 17 13:32:46 EDT 2024
YR.ED02.cc.HHZ.P
Matching pairs: 18392 of 0   0.03: 0
Fri May 17 13:32:46 EDT 2024
YR.ED02.cc.HNZ.P
Matching pairs: 1 of 0   0.03: 0
Fri May 17 13:32:46 EDT 2024
YR.ED03.cc.EHZ.P
Matching pairs: 1 of 0   0.03: 0
Fri May 17 13:32:46 EDT 2024
YR.ED03.cc.HHZ.P
Matching pairs: 86138 of 0   0.03: 0
Fri May 17 13:32:46 EDT 2024
YR.ED03.cc.HNZ.P
Matching pairs: 1 of 0   0.03: 0
Fri May 17 13:32:46 EDT 2024
YR.ED04.cc.EHZ.P
Matching pairs: 1 of 0   0.03: 0
Fri May 17 13:32:46 EDT 2024
YR.ED04.cc.HHZ.P
Matching pairs: 8642 of 0   0.03: 0
Fri May 17 13:32:46 EDT 2024
YR.ED04.cc.HNZ.P
Matching pairs: 1 of 0   0.03: 0
Fri May 17 13:32:46 EDT 2024
YR.ED05.cc.EHZ.P
Matching pairs: 1 of 0   0.03: 0
Fri May 17 13:32:46 EDT 2024
YR.ED05.cc.HHZ.P
Matching pairs: 310 of 0   0.03: 0
Fri May 17 13:32:46 EDT 2024
YR.ED05.cc.HNZ.P
Matching pairs: 1 of 0   0.03: 0
Fri May 17 13:32:46 EDT 2024
YR.ED06.cc.EHZ.P
Matching pairs: 1 of 0   0.03: 0
Fri May 17 13:32:46 EDT 2024
YR.ED06.cc.HHZ.P
Matching pairs: 173718 of 0   0.03: 0
Fri May 17 13:32:46 EDT 2024
YR.ED06.cc.HNZ.P
Matching pairs: 1 of 0   0.03: 0
Fri May 17 13:32:46 EDT 2024
YR.ED07.cc.EHZ.P
Matching pairs: 1 of 0   0.03: 0
Fri May 17 13:32:46 EDT 2024
YR.ED07.cc.HHZ.P
Matching pairs: 4255 of 0   0.03: 0
Fri May 17 13:32:46 EDT 2024
YR.ED07.cc.HNZ.P
Matching pairs: 1 of 0   0.03: 0
Fri May 17 13:32:46 EDT 2024
YR.ED08.cc.EHZ.P
Matching pairs: 1 of 0   0.03: 0
Fri May 17 13:32:46 EDT 2024
YR.ED08.cc.HHZ.P
Matching pairs: 239 of 0   0.03: 0
Fri May 17 13:32:46 EDT 2024
YR.ED08.cc.HNZ.P
Matching pairs: 1 of 0   0.03: 0
Fri May 17 13:32:46 EDT 2024
YR.ED09.cc.EHZ.P
Matching pairs: 1 of 0   0.03: 0
Fri May 17 13:32:46 EDT 2024
YR.ED09.cc.HHZ.P
Matching pairs: 101870 of 0   0.03: 0
Fri May 17 13:32:46 EDT 2024
YR.ED09.cc.HNZ.P
Matching pairs: 1 of 0   0.03: 0
Fri May 17 13:32:46 EDT 2024
YR.ED10.cc.EHZ.P
Matching pairs: 1 of 0   0.03: 0
Fri May 17 13:32:46 EDT 2024
YR.ED10.cc.HHZ.P
Matching pairs: 225787 of 0   0.03: 0
Fri May 17 13:32:47 EDT 2024
YR.ED10.cc.HNZ.P
Matching pairs: 1 of 0   0.03: 0
Fri May 17 13:32:47 EDT 2024
YR.ED11.cc.EHZ.P
Matching pairs: 1 of 0   0.03: 0
Fri May 17 13:32:47 EDT 2024
YR.ED11.cc.HHZ.P
Matching pairs: 1617 of 0   0.03: 0
Fri May 17 13:32:47 EDT 2024
YR.ED11.cc.HNZ.P
Matching pairs: 1 of 0   0.03: 0
Fri May 17 13:32:47 EDT 2024
YR.ED12.cc.EHZ.P
Matching pairs: 1 of 0   0.03: 0
Fri May 17 13:32:47 EDT 2024
YR.ED12.cc.HHZ.P
Matching pairs: 89755 of 0   0.03: 0
Fri May 17 13:32:47 EDT 2024
YR.ED12.cc.HNZ.P
Matching pairs: 1 of 0   0.03: 0
Fri May 17 13:32:47 EDT 2024
YR.ED14.cc.EHZ.P
Matching pairs: 1 of 0   0.03: 0
Fri May 17 13:32:47 EDT 2024
YR.ED14.cc.HHZ.P
Matching pairs: 33982 of 0   0.03: 0
Fri May 17 13:32:47 EDT 2024
YR.ED14.cc.HNZ.P
Matching pairs: 1 of 0   0.03: 0
Fri May 17 13:32:47 EDT 2024
YR.ED15.cc.EHZ.P
Matching pairs: 1 of 0   0.03: 0
Fri May 17 13:32:47 EDT 2024
YR.ED15.cc.HHZ.P
Matching pairs: 134431 of 0   0.03: 0
Fri May 17 13:32:47 EDT 2024
YR.ED15.cc.HNZ.P
Matching pairs: 1 of 0   0.03: 0
Fri May 17 13:32:47 EDT 2024
YR.ED16.cc.EHZ.P
Matching pairs: 1 of 0   0.03: 0
Fri May 17 13:32:47 EDT 2024
YR.ED16.cc.HHZ.P
Matching pairs: 52870 of 0   0.03: 0
Fri May 17 13:32:47 EDT 2024
YR.ED16.cc.HNZ.P
Matching pairs: 1 of 0   0.03: 0
Fri May 17 13:32:47 EDT 2024
YR.ED17.cc.EHZ.P
Matching pairs: 1 of 0   0.03: 0
Fri May 17 13:32:47 EDT 2024
YR.ED17.cc.HHZ.P
Matching pairs: 164289 of 0   0.03: 0
Fri May 17 13:32:47 EDT 2024
YR.ED17.cc.HNZ.P
Matching pairs: 1 of 0   0.03: 0
Fri May 17 13:32:47 EDT 2024
YR.ED18.cc.EHZ.P
Matching pairs: 1 of 0   0.03: 0
Fri May 17 13:32:47 EDT 2024
YR.ED18.cc.HHZ.P
Matching pairs: 53551 of 0   0.03: 0
Fri May 17 13:32:47 EDT 2024
YR.ED18.cc.HNZ.P
Matching pairs: 1 of 0   0.03: 0
Fri May 17 13:32:47 EDT 2024
YR.ED19.cc.EHZ.P
Matching pairs: 1 of 0   0.03: 0
Fri May 17 13:32:47 EDT 2024
YR.ED19.cc.HHZ.P
Matching pairs: 49071 of 0   0.03: 0
Fri May 17 13:32:47 EDT 2024
YR.ED19.cc.HNZ.P
Matching pairs: 1 of 0   0.03: 0
Fri May 17 13:32:47 EDT 2024
YR.ED20.cc.EHZ.P
Matching pairs: 1 of 0   0.03: 0
Fri May 17 13:32:47 EDT 2024
YR.ED20.cc.HHZ.P
Matching pairs: 8765 of 0   0.03: 0
Fri May 17 13:32:47 EDT 2024
YR.ED20.cc.HNZ.P
Matching pairs: 1 of 0   0.03: 0
Fri May 17 13:32:47 EDT 2024
YR.ED21.cc.EHZ.P
Matching pairs: 1 of 0   0.03: 0
Fri May 17 13:32:47 EDT 2024
YR.ED21.cc.HHZ.P
Matching pairs: 32022 of 0   0.03: 0
Fri May 17 13:32:47 EDT 2024
YR.ED21.cc.HNZ.P
Matching pairs: 1 of 0   0.03: 0
Fri May 17 13:32:47 EDT 2024
YR.ED22.cc.EHZ.P
Matching pairs: 1 of 0   0.03: 0
Fri May 17 13:32:47 EDT 2024
YR.ED22.cc.HHZ.P
Matching pairs: 62004 of 0   0.03: 0
Fri May 17 13:32:47 EDT 2024
YR.ED22.cc.HNZ.P
Matching pairs: 1 of 0   0.03: 0
Fri May 17 13:32:47 EDT 2024
YR.ED23.cc.EHZ.P
Matching pairs: 1 of 0   0.03: 0
Fri May 17 13:32:47 EDT 2024
YR.ED23.cc.HHZ.P
Matching pairs: 46849 of 0   0.03: 0
Fri May 17 13:32:47 EDT 2024
YR.ED23.cc.HNZ.P
Matching pairs: 1 of 0   0.03: 0
Fri May 17 13:32:47 EDT 2024
YR.ED24.cc.EHZ.P
Matching pairs: 1 of 0   0.03: 0
Fri May 17 13:32:47 EDT 2024
YR.ED24.cc.HHZ.P
Matching pairs: 23001 of 0   0.03: 0
Fri May 17 13:32:47 EDT 2024
YR.ED24.cc.HNZ.P
Matching pairs: 1 of 0   0.03: 0
Fri May 17 13:32:47 EDT 2024
YR.ED25.cc.EHZ.P
Matching pairs: 1 of 0   0.03: 0
Fri May 17 13:32:47 EDT 2024
YR.ED25.cc.HHZ.P
Matching pairs: 257 of 0   0.03: 0
Fri May 17 13:32:47 EDT 2024
YR.ED25.cc.HNZ.P
Matching pairs: 1 of 0   0.03: 0
Fri May 17 13:32:47 EDT 2024
mkdir: cannot create directory ‘select’: File exists
IV.AOI.cc.EHE.S
Matching pairs: 1 of 0   0.03: 0
Fri May 17 13:32:47 EDT 2024
IV.AOI.cc.EHN.S
Matching pairs: 1 of 0   0.03: 0
Fri May 17 13:32:47 EDT 2024
IV.AOI.cc.HHE.S
Matching pairs: 1 of 0   0.03: 0
Fri May 17 13:32:47 EDT 2024
IV.AOI.cc.HHN.S
Matching pairs: 1 of 0   0.03: 0
Fri May 17 13:32:47 EDT 2024
IV.AOI.cc.HNE.S
Matching pairs: 1 of 0   0.03: 0
Fri May 17 13:32:47 EDT 2024
IV.AOI.cc.HNN.S
Matching pairs: 1 of 0   0.03: 0
Fri May 17 13:32:47 EDT 2024
IV.ARRO.cc.EHE.S
Matching pairs: 1 of 0   0.03: 0
Fri May 17 13:32:47 EDT 2024
IV.ARRO.cc.EHN.S
Matching pairs: 1 of 0   0.03: 0
Fri May 17 13:32:47 EDT 2024
IV.ARRO.cc.HHE.S
Matching pairs: 1 of 0   0.03: 0
Fri May 17 13:32:47 EDT 2024
IV.ARRO.cc.HHN.S
Matching pairs: 1 of 0   0.03: 0
Fri May 17 13:32:47 EDT 2024
IV.ARRO.cc.HNE.S
Matching pairs: 1 of 0   0.03: 0
Fri May 17 13:32:47 EDT 2024
IV.ARRO.cc.HNN.S
Matching pairs: 1 of 0   0.03: 0
Fri May 17 13:32:47 EDT 2024
IV.ARVD.cc.EHE.S
Matching pairs: 1 of 0   0.03: 0
Fri May 17 13:32:47 EDT 2024
IV.ARVD.cc.EHN.S
Matching pairs: 1 of 0   0.03: 0
Fri May 17 13:32:47 EDT 2024
IV.ARVD.cc.HHE.S
Matching pairs: 1 of 0   0.03: 0
Fri May 17 13:32:47 EDT 2024
IV.ARVD.cc.HHN.S
Matching pairs: 1 of 0   0.03: 0
Fri May 17 13:32:47 EDT 2024
IV.ARVD.cc.HNE.S
Matching pairs: 1 of 0   0.03: 0
Fri May 17 13:32:47 EDT 2024
IV.ARVD.cc.HNN.S
Matching pairs: 1 of 0   0.03: 0
Fri May 17 13:32:47 EDT 2024
IV.ATCC.cc.EHE.S
Matching pairs: 1 of 0   0.03: 0
Fri May 17 13:32:47 EDT 2024
IV.ATCC.cc.EHN.S
Matching pairs: 1 of 0   0.03: 0
Fri May 17 13:32:47 EDT 2024
IV.ATCC.cc.HHE.S
Matching pairs: 1 of 0   0.03: 0
Fri May 17 13:32:47 EDT 2024
IV.ATCC.cc.HHN.S
Matching pairs: 1 of 0   0.03: 0
Fri May 17 13:32:47 EDT 2024
IV.ATCC.cc.HNE.S
Matching pairs: 1 of 0   0.03: 0
Fri May 17 13:32:47 EDT 2024
IV.ATCC.cc.HNN.S
Matching pairs: 1 of 0   0.03: 0
Fri May 17 13:32:47 EDT 2024
IV.ATFO.cc.EHE.S
Matching pairs: 1 of 0   0.03: 0
Fri May 17 13:32:47 EDT 2024
IV.ATFO.cc.EHN.S
Matching pairs: 1 of 0   0.03: 0
Fri May 17 13:32:47 EDT 2024
IV.ATFO.cc.HHE.S
Matching pairs: 1 of 0   0.03: 0
Fri May 17 13:32:47 EDT 2024
IV.ATFO.cc.HHN.S
Matching pairs: 1 of 0   0.03: 0
Fri May 17 13:32:47 EDT 2024
IV.ATFO.cc.HNE.S
Matching pairs: 1 of 0   0.03: 0
Fri May 17 13:32:47 EDT 2024
IV.ATFO.cc.HNN.S
Matching pairs: 1 of 0   0.03: 0
Fri May 17 13:32:47 EDT 2024
IV.CADA.cc.EHE.S
Matching pairs: 1 of 0   0.03: 0
Fri May 17 13:32:47 EDT 2024
IV.CADA.cc.EHN.S
Matching pairs: 1 of 0   0.03: 0
Fri May 17 13:32:47 EDT 2024
IV.CADA.cc.HHE.S
Matching pairs: 1 of 0   0.03: 0
Fri May 17 13:32:47 EDT 2024
IV.CADA.cc.HHN.S
Matching pairs: 1 of 0   0.03: 0
Fri May 17 13:32:47 EDT 2024
IV.CADA.cc.HNE.S
Matching pairs: 1 of 0   0.03: 0
Fri May 17 13:32:47 EDT 2024
IV.CADA.cc.HNN.S
Matching pairs: 1 of 0   0.03: 0
Fri May 17 13:32:47 EDT 2024
IV.CERT.cc.EHE.S
Matching pairs: 1 of 0   0.03: 0
Fri May 17 13:32:47 EDT 2024
IV.CERT.cc.EHN.S
Matching pairs: 1 of 0   0.03: 0
Fri May 17 13:32:47 EDT 2024
IV.CERT.cc.HHE.S
Matching pairs: 1 of 0   0.03: 0
Fri May 17 13:32:47 EDT 2024
IV.CERT.cc.HHN.S
Matching pairs: 1 of 0   0.03: 0
Fri May 17 13:32:47 EDT 2024
IV.CERT.cc.HNE.S
Matching pairs: 1 of 0   0.03: 0
Fri May 17 13:32:47 EDT 2024
IV.CERT.cc.HNN.S
Matching pairs: 1 of 0   0.03: 0
Fri May 17 13:32:47 EDT 2024
IV.CESI.cc.EHE.S
Matching pairs: 1 of 0   0.03: 0
Fri May 17 13:32:47 EDT 2024
IV.CESI.cc.EHN.S
Matching pairs: 1 of 0   0.03: 0
Fri May 17 13:32:47 EDT 2024
IV.CESI.cc.HHE.S
Matching pairs: 1 of 0   0.03: 0
Fri May 17 13:32:47 EDT 2024
IV.CESI.cc.HHN.S
Matching pairs: 1 of 0   0.03: 0
Fri May 17 13:32:47 EDT 2024
IV.CESI.cc.HNE.S
Matching pairs: 1 of 0   0.03: 0
Fri May 17 13:32:47 EDT 2024
IV.CESI.cc.HNN.S
Matching pairs: 1 of 0   0.03: 0
Fri May 17 13:32:47 EDT 2024
IV.CESX.cc.EHE.S
Matching pairs: 1 of 0   0.03: 0
Fri May 17 13:32:47 EDT 2024
IV.CESX.cc.EHN.S
Matching pairs: 1 of 0   0.03: 0
Fri May 17 13:32:47 EDT 2024
IV.CESX.cc.HHE.S
Matching pairs: 1 of 0   0.03: 0
Fri May 17 13:32:47 EDT 2024
IV.CESX.cc.HHN.S
Matching pairs: 1 of 0   0.03: 0
Fri May 17 13:32:47 EDT 2024
IV.CESX.cc.HNE.S
Matching pairs: 1 of 0   0.03: 0
Fri May 17 13:32:47 EDT 2024
IV.CESX.cc.HNN.S
Matching pairs: 1 of 0   0.03: 0
Fri May 17 13:32:47 EDT 2024
IV.CING.cc.EHE.S
Matching pairs: 1 of 0   0.03: 0
Fri May 17 13:32:47 EDT 2024
IV.CING.cc.EHN.S
Matching pairs: 1 of 0   0.03: 0
Fri May 17 13:32:47 EDT 2024
IV.CING.cc.HHE.S
Matching pairs: 1 of 0   0.03: 0
Fri May 17 13:32:47 EDT 2024
IV.CING.cc.HHN.S
Matching pairs: 1 of 0   0.03: 0
Fri May 17 13:32:47 EDT 2024
IV.CING.cc.HNE.S
Matching pairs: 1 of 0   0.03: 0
Fri May 17 13:32:47 EDT 2024
IV.CING.cc.HNN.S
Matching pairs: 1 of 0   0.03: 0
Fri May 17 13:32:47 EDT 2024
IV.COR1.cc.EHE.S
Matching pairs: 1 of 0   0.03: 0
Fri May 17 13:32:47 EDT 2024
IV.COR1.cc.EHN.S
Matching pairs: 1 of 0   0.03: 0
Fri May 17 13:32:47 EDT 2024
IV.COR1.cc.HHE.S
Matching pairs: 1 of 0   0.03: 0
Fri May 17 13:32:47 EDT 2024
IV.COR1.cc.HHN.S
Matching pairs: 1 of 0   0.03: 0
Fri May 17 13:32:47 EDT 2024
IV.COR1.cc.HNE.S
Matching pairs: 1 of 0   0.03: 0
Fri May 17 13:32:47 EDT 2024
IV.COR1.cc.HNN.S
Matching pairs: 1 of 0   0.03: 0
Fri May 17 13:32:47 EDT 2024
IV.CSP1.cc.EHE.S
Matching pairs: 1 of 0   0.03: 0
Fri May 17 13:32:47 EDT 2024
IV.CSP1.cc.EHN.S
Matching pairs: 1 of 0   0.03: 0
Fri May 17 13:32:47 EDT 2024
IV.CSP1.cc.HHE.S
Matching pairs: 1 of 0   0.03: 0
Fri May 17 13:32:47 EDT 2024
IV.CSP1.cc.HHN.S
Matching pairs: 1 of 0   0.03: 0
Fri May 17 13:32:47 EDT 2024
IV.CSP1.cc.HNE.S
Matching pairs: 1 of 0   0.03: 0
Fri May 17 13:32:47 EDT 2024
IV.CSP1.cc.HNN.S
Matching pairs: 1 of 0   0.03: 0
Fri May 17 13:32:47 EDT 2024
IV.EL6.cc.EHE.S
Matching pairs: 1 of 0   0.03: 0
Fri May 17 13:32:47 EDT 2024
IV.EL6.cc.EHN.S
Matching pairs: 1 of 0   0.03: 0
Fri May 17 13:32:47 EDT 2024
IV.EL6.cc.HHE.S
Matching pairs: 1 of 0   0.03: 0
Fri May 17 13:32:47 EDT 2024
IV.EL6.cc.HHN.S
Matching pairs: 1 of 0   0.03: 0
Fri May 17 13:32:47 EDT 2024
IV.EL6.cc.HNE.S
Matching pairs: 1 of 0   0.03: 0
Fri May 17 13:32:47 EDT 2024
IV.EL6.cc.HNN.S
Matching pairs: 1 of 0   0.03: 0
Fri May 17 13:32:47 EDT 2024
IV.FAGN.cc.EHE.S
Matching pairs: 1 of 0   0.03: 0
Fri May 17 13:32:47 EDT 2024
IV.FAGN.cc.EHN.S
Matching pairs: 1 of 0   0.03: 0
Fri May 17 13:32:47 EDT 2024
IV.FAGN.cc.HHE.S
Matching pairs: 1 of 0   0.03: 0
Fri May 17 13:32:47 EDT 2024
IV.FAGN.cc.HHN.S
Matching pairs: 1 of 0   0.03: 0
Fri May 17 13:32:47 EDT 2024
IV.FAGN.cc.HNE.S
Matching pairs: 1 of 0   0.03: 0
Fri May 17 13:32:47 EDT 2024
IV.FAGN.cc.HNN.S
Matching pairs: 1 of 0   0.03: 0
Fri May 17 13:32:47 EDT 2024
IV.FDMO.cc.EHE.S
Matching pairs: 1 of 0   0.03: 0
Fri May 17 13:32:47 EDT 2024
IV.FDMO.cc.EHN.S
Matching pairs: 1 of 0   0.03: 0
Fri May 17 13:32:47 EDT 2024
IV.FDMO.cc.HHE.S
Matching pairs: 1 of 0   0.03: 0
Fri May 17 13:32:48 EDT 2024
IV.FDMO.cc.HHN.S
Matching pairs: 1 of 0   0.03: 0
Fri May 17 13:32:48 EDT 2024
IV.FDMO.cc.HNE.S
Matching pairs: 1 of 0   0.03: 0
Fri May 17 13:32:48 EDT 2024
IV.FDMO.cc.HNN.S
Matching pairs: 1 of 0   0.03: 0
Fri May 17 13:32:48 EDT 2024
IV.FIAM.cc.EHE.S
Matching pairs: 1 of 0   0.03: 0
Fri May 17 13:32:48 EDT 2024
IV.FIAM.cc.EHN.S
Matching pairs: 1 of 0   0.03: 0
Fri May 17 13:32:48 EDT 2024
IV.FIAM.cc.HHE.S
Matching pairs: 1 of 0   0.03: 0
Fri May 17 13:32:48 EDT 2024
IV.FIAM.cc.HHN.S
Matching pairs: 1 of 0   0.03: 0
Fri May 17 13:32:48 EDT 2024
IV.FIAM.cc.HNE.S
Matching pairs: 1 of 0   0.03: 0
Fri May 17 13:32:48 EDT 2024
IV.FIAM.cc.HNN.S
Matching pairs: 1 of 0   0.03: 0
Fri May 17 13:32:48 EDT 2024
IV.FIU1.cc.EHE.S
Matching pairs: 1 of 0   0.03: 0
Fri May 17 13:32:48 EDT 2024
IV.FIU1.cc.EHN.S
Matching pairs: 1 of 0   0.03: 0
Fri May 17 13:32:48 EDT 2024
IV.FIU1.cc.HHE.S
Matching pairs: 1 of 0   0.03: 0
Fri May 17 13:32:48 EDT 2024
IV.FIU1.cc.HHN.S
Matching pairs: 1 of 0   0.03: 0
Fri May 17 13:32:48 EDT 2024
IV.FIU1.cc.HNE.S
Matching pairs: 1 of 0   0.03: 0
Fri May 17 13:32:48 EDT 2024
IV.FIU1.cc.HNN.S
Matching pairs: 1 of 0   0.03: 0
Fri May 17 13:32:48 EDT 2024
IV.FOSV.cc.EHE.S
Matching pairs: 1 of 0   0.03: 0
Fri May 17 13:32:48 EDT 2024
IV.FOSV.cc.EHN.S
Matching pairs: 1 of 0   0.03: 0
Fri May 17 13:32:48 EDT 2024
IV.FOSV.cc.HHE.S
Matching pairs: 1 of 0   0.03: 0
Fri May 17 13:32:48 EDT 2024
IV.FOSV.cc.HHN.S
Matching pairs: 1 of 0   0.03: 0
Fri May 17 13:32:48 EDT 2024
IV.FOSV.cc.HNE.S
Matching pairs: 1 of 0   0.03: 0
Fri May 17 13:32:48 EDT 2024
IV.FOSV.cc.HNN.S
Matching pairs: 1 of 0   0.03: 0
Fri May 17 13:32:48 EDT 2024
IV.FRON.cc.EHE.S
Matching pairs: 1 of 0   0.03: 0
Fri May 17 13:32:48 EDT 2024
IV.FRON.cc.EHN.S
Matching pairs: 1 of 0   0.03: 0
Fri May 17 13:32:48 EDT 2024
IV.FRON.cc.HHE.S
Matching pairs: 1 of 0   0.03: 0
Fri May 17 13:32:48 EDT 2024
IV.FRON.cc.HHN.S
Matching pairs: 1 of 0   0.03: 0
Fri May 17 13:32:48 EDT 2024
IV.FRON.cc.HNE.S
Matching pairs: 1 of 0   0.03: 0
Fri May 17 13:32:48 EDT 2024
IV.FRON.cc.HNN.S
Matching pairs: 1 of 0   0.03: 0
Fri May 17 13:32:48 EDT 2024
IV.GAG1.cc.EHE.S
Matching pairs: 1 of 0   0.03: 0
Fri May 17 13:32:48 EDT 2024
IV.GAG1.cc.EHN.S
Matching pairs: 1 of 0   0.03: 0
Fri May 17 13:32:48 EDT 2024
IV.GAG1.cc.HHE.S
Matching pairs: 1 of 0   0.03: 0
Fri May 17 13:32:48 EDT 2024
IV.GAG1.cc.HHN.S
Matching pairs: 1 of 0   0.03: 0
Fri May 17 13:32:48 EDT 2024
IV.GAG1.cc.HNE.S
Matching pairs: 1 of 0   0.03: 0
Fri May 17 13:32:48 EDT 2024
IV.GAG1.cc.HNN.S
Matching pairs: 1 of 0   0.03: 0
Fri May 17 13:32:48 EDT 2024
IV.GIGS.cc.EHE.S
Matching pairs: 1 of 0   0.03: 0
Fri May 17 13:32:48 EDT 2024
IV.GIGS.cc.EHN.S
Matching pairs: 1 of 0   0.03: 0
Fri May 17 13:32:48 EDT 2024
IV.GIGS.cc.HHE.S
Matching pairs: 1 of 0   0.03: 0
Fri May 17 13:32:48 EDT 2024
IV.GIGS.cc.HHN.S
Matching pairs: 1 of 0   0.03: 0
Fri May 17 13:32:48 EDT 2024
IV.GIGS.cc.HNE.S
Matching pairs: 1 of 0   0.03: 0
Fri May 17 13:32:48 EDT 2024
IV.GIGS.cc.HNN.S
Matching pairs: 1 of 0   0.03: 0
Fri May 17 13:32:48 EDT 2024
IV.GUAR.cc.EHE.S
Matching pairs: 1 of 0   0.03: 0
Fri May 17 13:32:48 EDT 2024
IV.GUAR.cc.EHN.S
Matching pairs: 1 of 0   0.03: 0
Fri May 17 13:32:48 EDT 2024
IV.GUAR.cc.HHE.S
Matching pairs: 1 of 0   0.03: 0
Fri May 17 13:32:48 EDT 2024
IV.GUAR.cc.HHN.S
Matching pairs: 1 of 0   0.03: 0
Fri May 17 13:32:48 EDT 2024
IV.GUAR.cc.HNE.S
Matching pairs: 1 of 0   0.03: 0
Fri May 17 13:32:48 EDT 2024
IV.GUAR.cc.HNN.S
Matching pairs: 1 of 0   0.03: 0
Fri May 17 13:32:48 EDT 2024
IV.GUMA.cc.EHE.S
Matching pairs: 1 of 0   0.03: 0
Fri May 17 13:32:48 EDT 2024
IV.GUMA.cc.EHN.S
Matching pairs: 1 of 0   0.03: 0
Fri May 17 13:32:48 EDT 2024
IV.GUMA.cc.HHE.S
Matching pairs: 1 of 0   0.03: 0
Fri May 17 13:32:48 EDT 2024
IV.GUMA.cc.HHN.S
Matching pairs: 1 of 0   0.03: 0
Fri May 17 13:32:48 EDT 2024
IV.GUMA.cc.HNE.S
Matching pairs: 1 of 0   0.03: 0
Fri May 17 13:32:48 EDT 2024
IV.GUMA.cc.HNN.S
Matching pairs: 1 of 0   0.03: 0
Fri May 17 13:32:48 EDT 2024
IV.INTR.cc.EHE.S
Matching pairs: 1 of 0   0.03: 0
Fri May 17 13:32:48 EDT 2024
IV.INTR.cc.EHN.S
Matching pairs: 1 of 0   0.03: 0
Fri May 17 13:32:48 EDT 2024
IV.INTR.cc.HHE.S
Matching pairs: 1 of 0   0.03: 0
Fri May 17 13:32:48 EDT 2024
IV.INTR.cc.HHN.S
Matching pairs: 1 of 0   0.03: 0
Fri May 17 13:32:48 EDT 2024
IV.INTR.cc.HNE.S
Matching pairs: 1 of 0   0.03: 0
Fri May 17 13:32:48 EDT 2024
IV.INTR.cc.HNN.S
Matching pairs: 1 of 0   0.03: 0
Fri May 17 13:32:48 EDT 2024
IV.LNSS.cc.EHE.S
Matching pairs: 1 of 0   0.03: 0
Fri May 17 13:32:48 EDT 2024
IV.LNSS.cc.EHN.S
Matching pairs: 1 of 0   0.03: 0
Fri May 17 13:32:48 EDT 2024
IV.LNSS.cc.HHE.S
Matching pairs: 1 of 0   0.03: 0
Fri May 17 13:32:48 EDT 2024
IV.LNSS.cc.HHN.S
Matching pairs: 1 of 0   0.03: 0
Fri May 17 13:32:48 EDT 2024
IV.LNSS.cc.HNE.S
Matching pairs: 1 of 0   0.03: 0
Fri May 17 13:32:48 EDT 2024
IV.LNSS.cc.HNN.S
Matching pairs: 1 of 0   0.03: 0
Fri May 17 13:32:48 EDT 2024
IV.MC2.cc.EHE.S
Matching pairs: 1 of 0   0.03: 0
Fri May 17 13:32:48 EDT 2024
IV.MC2.cc.EHN.S
Matching pairs: 1 of 0   0.03: 0
Fri May 17 13:32:48 EDT 2024
IV.MC2.cc.HHE.S
Matching pairs: 1 of 0   0.03: 0
Fri May 17 13:32:48 EDT 2024
IV.MC2.cc.HHN.S
Matching pairs: 1 of 0   0.03: 0
Fri May 17 13:32:48 EDT 2024
IV.MC2.cc.HNE.S
Matching pairs: 1 of 0   0.03: 0
Fri May 17 13:32:48 EDT 2024
IV.MC2.cc.HNN.S
Matching pairs: 1 of 0   0.03: 0
Fri May 17 13:32:48 EDT 2024
IV.MDAR.cc.EHE.S
Matching pairs: 1 of 0   0.03: 0
Fri May 17 13:32:48 EDT 2024
IV.MDAR.cc.EHN.S
Matching pairs: 1 of 0   0.03: 0
Fri May 17 13:32:48 EDT 2024
IV.MDAR.cc.HHE.S
Matching pairs: 1 of 0   0.03: 0
Fri May 17 13:32:48 EDT 2024
IV.MDAR.cc.HHN.S
Matching pairs: 1 of 0   0.03: 0
Fri May 17 13:32:48 EDT 2024
IV.MDAR.cc.HNE.S
Matching pairs: 1 of 0   0.03: 0
Fri May 17 13:32:48 EDT 2024
IV.MDAR.cc.HNN.S
Matching pairs: 1 of 0   0.03: 0
Fri May 17 13:32:48 EDT 2024
IV.MMO1.cc.EHE.S
Matching pairs: 1 of 0   0.03: 0
Fri May 17 13:32:48 EDT 2024
IV.MMO1.cc.EHN.S
Matching pairs: 1 of 0   0.03: 0
Fri May 17 13:32:48 EDT 2024
IV.MMO1.cc.HHE.S
Matching pairs: 1 of 0   0.03: 0
Fri May 17 13:32:48 EDT 2024
IV.MMO1.cc.HHN.S
Matching pairs: 1 of 0   0.03: 0
Fri May 17 13:32:48 EDT 2024
IV.MMO1.cc.HNE.S
Matching pairs: 1 of 0   0.03: 0
Fri May 17 13:32:48 EDT 2024
IV.MMO1.cc.HNN.S
Matching pairs: 1 of 0   0.03: 0
Fri May 17 13:32:48 EDT 2024
IV.MMUR.cc.EHE.S
Matching pairs: 1 of 0   0.03: 0
Fri May 17 13:32:48 EDT 2024
IV.MMUR.cc.EHN.S
Matching pairs: 1 of 0   0.03: 0
Fri May 17 13:32:48 EDT 2024
IV.MMUR.cc.HHE.S
Matching pairs: 1 of 0   0.03: 0
Fri May 17 13:32:48 EDT 2024
IV.MMUR.cc.HHN.S
Matching pairs: 1 of 0   0.03: 0
Fri May 17 13:32:48 EDT 2024
IV.MMUR.cc.HNE.S
Matching pairs: 1 of 0   0.03: 0
Fri May 17 13:32:48 EDT 2024
IV.MMUR.cc.HNN.S
Matching pairs: 1 of 0   0.03: 0
Fri May 17 13:32:48 EDT 2024
IV.MNTP.cc.EHE.S
Matching pairs: 1 of 0   0.03: 0
Fri May 17 13:32:48 EDT 2024
IV.MNTP.cc.EHN.S
Matching pairs: 1 of 0   0.03: 0
Fri May 17 13:32:48 EDT 2024
IV.MNTP.cc.HHE.S
Matching pairs: 1 of 0   0.03: 0
Fri May 17 13:32:48 EDT 2024
IV.MNTP.cc.HHN.S
Matching pairs: 1 of 0   0.03: 0
Fri May 17 13:32:48 EDT 2024
IV.MNTP.cc.HNE.S
Matching pairs: 1 of 0   0.03: 0
Fri May 17 13:32:48 EDT 2024
IV.MNTP.cc.HNN.S
Matching pairs: 1 of 0   0.03: 0
Fri May 17 13:32:48 EDT 2024
IV.MTCE.cc.EHE.S
Matching pairs: 1 of 0   0.03: 0
Fri May 17 13:32:48 EDT 2024
IV.MTCE.cc.EHN.S
Matching pairs: 1 of 0   0.03: 0
Fri May 17 13:32:48 EDT 2024
IV.MTCE.cc.HHE.S
Matching pairs: 1 of 0   0.03: 0
Fri May 17 13:32:48 EDT 2024
IV.MTCE.cc.HHN.S
Matching pairs: 1 of 0   0.03: 0
Fri May 17 13:32:48 EDT 2024
IV.MTCE.cc.HNE.S
Matching pairs: 1 of 0   0.03: 0
Fri May 17 13:32:48 EDT 2024
IV.MTCE.cc.HNN.S
Matching pairs: 1 of 0   0.03: 0
Fri May 17 13:32:48 EDT 2024
IV.MTL1.cc.EHE.S
Matching pairs: 1 of 0   0.03: 0
Fri May 17 13:32:48 EDT 2024
IV.MTL1.cc.EHN.S
Matching pairs: 1 of 0   0.03: 0
Fri May 17 13:32:48 EDT 2024
IV.MTL1.cc.HHE.S
Matching pairs: 1 of 0   0.03: 0
Fri May 17 13:32:48 EDT 2024
IV.MTL1.cc.HHN.S
Matching pairs: 1 of 0   0.03: 0
Fri May 17 13:32:48 EDT 2024
IV.MTL1.cc.HNE.S
Matching pairs: 1 of 0   0.03: 0
Fri May 17 13:32:48 EDT 2024
IV.MTL1.cc.HNN.S
Matching pairs: 1 of 0   0.03: 0
Fri May 17 13:32:48 EDT 2024
IV.MURB.cc.EHE.S
Matching pairs: 1 of 0   0.03: 0
Fri May 17 13:32:48 EDT 2024
IV.MURB.cc.EHN.S
Matching pairs: 1 of 0   0.03: 0
Fri May 17 13:32:48 EDT 2024
IV.MURB.cc.HHE.S
Matching pairs: 1 of 0   0.03: 0
Fri May 17 13:32:48 EDT 2024
IV.MURB.cc.HHN.S
Matching pairs: 1 of 0   0.03: 0
Fri May 17 13:32:48 EDT 2024
IV.MURB.cc.HNE.S
Matching pairs: 1 of 0   0.03: 0
Fri May 17 13:32:48 EDT 2024
IV.MURB.cc.HNN.S
Matching pairs: 1 of 0   0.03: 0
Fri May 17 13:32:48 EDT 2024
IV.NRCA.cc.EHE.S
Matching pairs: 1 of 0   0.03: 0
Fri May 17 13:32:48 EDT 2024
IV.NRCA.cc.EHN.S
Matching pairs: 1 of 0   0.03: 0
Fri May 17 13:32:48 EDT 2024
IV.NRCA.cc.HHE.S
Matching pairs: 1 of 0   0.03: 0
Fri May 17 13:32:48 EDT 2024
IV.NRCA.cc.HHN.S
Matching pairs: 1 of 0   0.03: 0
Fri May 17 13:32:48 EDT 2024
IV.NRCA.cc.HNE.S
Matching pairs: 1 of 0   0.03: 0
Fri May 17 13:32:48 EDT 2024
IV.NRCA.cc.HNN.S
Matching pairs: 1 of 0   0.03: 0
Fri May 17 13:32:48 EDT 2024
IV.OFFI.cc.EHE.S
Matching pairs: 1 of 0   0.03: 0
Fri May 17 13:32:48 EDT 2024
IV.OFFI.cc.EHN.S
Matching pairs: 1 of 0   0.03: 0
Fri May 17 13:32:48 EDT 2024
IV.OFFI.cc.HHE.S
Matching pairs: 1 of 0   0.03: 0
Fri May 17 13:32:48 EDT 2024
IV.OFFI.cc.HHN.S
Matching pairs: 1 of 0   0.03: 0
Fri May 17 13:32:48 EDT 2024
IV.OFFI.cc.HNE.S
Matching pairs: 1 of 0   0.03: 0
Fri May 17 13:32:48 EDT 2024
IV.OFFI.cc.HNN.S
Matching pairs: 1 of 0   0.03: 0
Fri May 17 13:32:48 EDT 2024
IV.PIO1.cc.EHE.S
Matching pairs: 1 of 0   0.03: 0
Fri May 17 13:32:48 EDT 2024
IV.PIO1.cc.EHN.S
Matching pairs: 1 of 0   0.03: 0
Fri May 17 13:32:48 EDT 2024
IV.PIO1.cc.HHE.S
Matching pairs: 1 of 0   0.03: 0
Fri May 17 13:32:48 EDT 2024
IV.PIO1.cc.HHN.S
Matching pairs: 1 of 0   0.03: 0
Fri May 17 13:32:48 EDT 2024
IV.PIO1.cc.HNE.S
Matching pairs: 1 of 0   0.03: 0
Fri May 17 13:32:48 EDT 2024
IV.PIO1.cc.HNN.S
Matching pairs: 1 of 0   0.03: 0
Fri May 17 13:32:48 EDT 2024
IV.PP3.cc.EHE.S
Matching pairs: 1 of 0   0.03: 0
Fri May 17 13:32:48 EDT 2024
IV.PP3.cc.EHN.S
Matching pairs: 1 of 0   0.03: 0
Fri May 17 13:32:48 EDT 2024
IV.PP3.cc.HHE.S
Matching pairs: 1 of 0   0.03: 0
Fri May 17 13:32:48 EDT 2024
IV.PP3.cc.HHN.S
Matching pairs: 1 of 0   0.03: 0
Fri May 17 13:32:48 EDT 2024
IV.PP3.cc.HNE.S
Matching pairs: 1 of 0   0.03: 0
Fri May 17 13:32:48 EDT 2024
IV.PP3.cc.HNN.S
Matching pairs: 1 of 0   0.03: 0
Fri May 17 13:32:48 EDT 2024
IV.PTQR.cc.EHE.S
Matching pairs: 1 of 0   0.03: 0
Fri May 17 13:32:48 EDT 2024
IV.PTQR.cc.EHN.S
Matching pairs: 1 of 0   0.03: 0
Fri May 17 13:32:48 EDT 2024
IV.PTQR.cc.HHE.S
Matching pairs: 1 of 0   0.03: 0
Fri May 17 13:32:48 EDT 2024
IV.PTQR.cc.HHN.S
Matching pairs: 1 of 0   0.03: 0
Fri May 17 13:32:48 EDT 2024
IV.PTQR.cc.HNE.S
Matching pairs: 1 of 0   0.03: 0
Fri May 17 13:32:48 EDT 2024
IV.PTQR.cc.HNN.S
Matching pairs: 1 of 0   0.03: 0
Fri May 17 13:32:48 EDT 2024
IV.RCAV.cc.EHE.S
Matching pairs: 1 of 0   0.03: 0
Fri May 17 13:32:48 EDT 2024
IV.RCAV.cc.EHN.S
Matching pairs: 1 of 0   0.03: 0
Fri May 17 13:32:48 EDT 2024
IV.RCAV.cc.HHE.S
Matching pairs: 1 of 0   0.03: 0
Fri May 17 13:32:48 EDT 2024
IV.RCAV.cc.HHN.S
Matching pairs: 1 of 0   0.03: 0
Fri May 17 13:32:48 EDT 2024
IV.RCAV.cc.HNE.S
Matching pairs: 1 of 0   0.03: 0
Fri May 17 13:32:48 EDT 2024
IV.RCAV.cc.HNN.S
Matching pairs: 1 of 0   0.03: 0
Fri May 17 13:32:48 EDT 2024
IV.RM33.cc.EHE.S
Matching pairs: 1 of 0   0.03: 0
Fri May 17 13:32:48 EDT 2024
IV.RM33.cc.EHN.S
Matching pairs: 1 of 0   0.03: 0
Fri May 17 13:32:48 EDT 2024
IV.RM33.cc.HHE.S
Matching pairs: 1 of 0   0.03: 0
Fri May 17 13:32:48 EDT 2024
IV.RM33.cc.HHN.S
Matching pairs: 1 of 0   0.03: 0
Fri May 17 13:32:48 EDT 2024
IV.RM33.cc.HNE.S
Matching pairs: 1 of 0   0.03: 0
Fri May 17 13:32:48 EDT 2024
IV.RM33.cc.HNN.S
Matching pairs: 1 of 0   0.03: 0
Fri May 17 13:32:48 EDT 2024
IV.SEF1.cc.EHE.S
Matching pairs: 1 of 0   0.03: 0
Fri May 17 13:32:48 EDT 2024
IV.SEF1.cc.EHN.S
Matching pairs: 1 of 0   0.03: 0
Fri May 17 13:32:48 EDT 2024
IV.SEF1.cc.HHE.S
Matching pairs: 1 of 0   0.03: 0
Fri May 17 13:32:48 EDT 2024
IV.SEF1.cc.HHN.S
Matching pairs: 1 of 0   0.03: 0
Fri May 17 13:32:48 EDT 2024
IV.SEF1.cc.HNE.S
Matching pairs: 1 of 0   0.03: 0
Fri May 17 13:32:48 EDT 2024
IV.SEF1.cc.HNN.S
Matching pairs: 1 of 0   0.03: 0
Fri May 17 13:32:48 EDT 2024
IV.SENI.cc.EHE.S
Matching pairs: 1 of 0   0.03: 0
Fri May 17 13:32:48 EDT 2024
IV.SENI.cc.EHN.S
Matching pairs: 1 of 0   0.03: 0
Fri May 17 13:32:48 EDT 2024
IV.SENI.cc.HHE.S
Matching pairs: 1 of 0   0.03: 0
Fri May 17 13:32:48 EDT 2024
IV.SENI.cc.HHN.S
Matching pairs: 1 of 0   0.03: 0
Fri May 17 13:32:48 EDT 2024
IV.SENI.cc.HNE.S
Matching pairs: 1 of 0   0.03: 0
Fri May 17 13:32:48 EDT 2024
IV.SENI.cc.HNN.S
Matching pairs: 1 of 0   0.03: 0
Fri May 17 13:32:48 EDT 2024
IV.SNTG.cc.EHE.S
Matching pairs: 1 of 0   0.03: 0
Fri May 17 13:32:48 EDT 2024
IV.SNTG.cc.EHN.S
Matching pairs: 1 of 0   0.03: 0
Fri May 17 13:32:48 EDT 2024
IV.SNTG.cc.HHE.S
Matching pairs: 1 of 0   0.03: 0
Fri May 17 13:32:48 EDT 2024
IV.SNTG.cc.HHN.S
Matching pairs: 1 of 0   0.03: 0
Fri May 17 13:32:48 EDT 2024
IV.SNTG.cc.HNE.S
Matching pairs: 1 of 0   0.03: 0
Fri May 17 13:32:48 EDT 2024
IV.SNTG.cc.HNN.S
Matching pairs: 1 of 0   0.03: 0
Fri May 17 13:32:48 EDT 2024
IV.SRES.cc.EHE.S
Matching pairs: 1 of 0   0.03: 0
Fri May 17 13:32:48 EDT 2024
IV.SRES.cc.EHN.S
Matching pairs: 1 of 0   0.03: 0
Fri May 17 13:32:48 EDT 2024
IV.SRES.cc.HHE.S
Matching pairs: 1 of 0   0.03: 0
Fri May 17 13:32:48 EDT 2024
IV.SRES.cc.HHN.S
Matching pairs: 1 of 0   0.03: 0
Fri May 17 13:32:48 EDT 2024
IV.SRES.cc.HNE.S
Matching pairs: 1 of 0   0.03: 0
Fri May 17 13:32:48 EDT 2024
IV.SRES.cc.HNN.S
Matching pairs: 1 of 0   0.03: 0
Fri May 17 13:32:48 EDT 2024
IV.SSFR.cc.EHE.S
Matching pairs: 1 of 0   0.03: 0
Fri May 17 13:32:48 EDT 2024
IV.SSFR.cc.EHN.S
Matching pairs: 1 of 0   0.03: 0
Fri May 17 13:32:48 EDT 2024
IV.SSFR.cc.HHE.S
Matching pairs: 1 of 0   0.03: 0
Fri May 17 13:32:48 EDT 2024
IV.SSFR.cc.HHN.S
Matching pairs: 1 of 0   0.03: 0
Fri May 17 13:32:48 EDT 2024
IV.SSFR.cc.HNE.S
Matching pairs: 1 of 0   0.03: 0
Fri May 17 13:32:48 EDT 2024
IV.SSFR.cc.HNN.S
Matching pairs: 1 of 0   0.03: 0
Fri May 17 13:32:48 EDT 2024
IV.SSM1.cc.EHE.S
Matching pairs: 1 of 0   0.03: 0
Fri May 17 13:32:48 EDT 2024
IV.SSM1.cc.EHN.S
Matching pairs: 1 of 0   0.03: 0
Fri May 17 13:32:48 EDT 2024
IV.SSM1.cc.HHE.S
Matching pairs: 1 of 0   0.03: 0
Fri May 17 13:32:48 EDT 2024
IV.SSM1.cc.HHN.S
Matching pairs: 1 of 0   0.03: 0
Fri May 17 13:32:48 EDT 2024
IV.SSM1.cc.HNE.S
Matching pairs: 1 of 0   0.03: 0
Fri May 17 13:32:48 EDT 2024
IV.SSM1.cc.HNN.S
Matching pairs: 1 of 0   0.03: 0
Fri May 17 13:32:48 EDT 2024
IV.T0110.cc.EHE.S
Matching pairs: 1 of 0   0.03: 0
Fri May 17 13:32:48 EDT 2024
IV.T0110.cc.EHN.S
Matching pairs: 1 of 0   0.03: 0
Fri May 17 13:32:48 EDT 2024
IV.T0110.cc.HHE.S
Matching pairs: 1 of 0   0.03: 0
Fri May 17 13:32:48 EDT 2024
IV.T0110.cc.HHN.S
Matching pairs: 1 of 0   0.03: 0
Fri May 17 13:32:48 EDT 2024
IV.T0110.cc.HNE.S
Matching pairs: 1 of 0   0.03: 0
Fri May 17 13:32:48 EDT 2024
IV.T0110.cc.HNN.S
Matching pairs: 1 of 0   0.03: 0
Fri May 17 13:32:48 EDT 2024
IV.T1201.cc.EHE.S
Matching pairs: 1 of 0   0.03: 0
Fri May 17 13:32:48 EDT 2024
IV.T1201.cc.EHN.S
Matching pairs: 1 of 0   0.03: 0
Fri May 17 13:32:48 EDT 2024
IV.T1201.cc.HHE.S
Matching pairs: 1 of 0   0.03: 0
Fri May 17 13:32:48 EDT 2024
IV.T1201.cc.HHN.S
Matching pairs: 1 of 0   0.03: 0
Fri May 17 13:32:48 EDT 2024
IV.T1201.cc.HNE.S
Matching pairs: 1 of 0   0.03: 0
Fri May 17 13:32:48 EDT 2024
IV.T1201.cc.HNN.S
Matching pairs: 1 of 0   0.03: 0
Fri May 17 13:32:48 EDT 2024
IV.T1202.cc.EHE.S
Matching pairs: 1 of 0   0.03: 0
Fri May 17 13:32:48 EDT 2024
IV.T1202.cc.EHN.S
Matching pairs: 1 of 0   0.03: 0
Fri May 17 13:32:48 EDT 2024
IV.T1202.cc.HHE.S
Matching pairs: 1 of 0   0.03: 0
Fri May 17 13:32:48 EDT 2024
IV.T1202.cc.HHN.S
Matching pairs: 1 of 0   0.03: 0
Fri May 17 13:32:48 EDT 2024
IV.T1202.cc.HNE.S
Matching pairs: 1 of 0   0.03: 0
Fri May 17 13:32:48 EDT 2024
IV.T1202.cc.HNN.S
Matching pairs: 1 of 0   0.03: 0
Fri May 17 13:32:48 EDT 2024
IV.T1211.cc.EHE.S
Matching pairs: 8532 of 0   0.03: 0
Fri May 17 13:32:48 EDT 2024
IV.T1211.cc.EHN.S
Matching pairs: 10230 of 0   0.03: 0
Fri May 17 13:32:48 EDT 2024
IV.T1211.cc.HHE.S
Matching pairs: 1 of 0   0.03: 0
Fri May 17 13:32:48 EDT 2024
IV.T1211.cc.HHN.S
Matching pairs: 1 of 0   0.03: 0
Fri May 17 13:32:48 EDT 2024
IV.T1211.cc.HNE.S
Matching pairs: 2343 of 0   0.03: 0
Fri May 17 13:32:48 EDT 2024
IV.T1211.cc.HNN.S
Matching pairs: 1468 of 0   0.03: 0
Fri May 17 13:32:48 EDT 2024
IV.T1212.cc.EHE.S
Matching pairs: 128414 of 0   0.03: 0
Fri May 17 13:32:48 EDT 2024
IV.T1212.cc.EHN.S
Matching pairs: 137890 of 0   0.03: 0
Fri May 17 13:32:48 EDT 2024
IV.T1212.cc.HHE.S
Matching pairs: 1 of 0   0.03: 0
Fri May 17 13:32:48 EDT 2024
IV.T1212.cc.HHN.S
Matching pairs: 1 of 0   0.03: 0
Fri May 17 13:32:48 EDT 2024
IV.T1212.cc.HNE.S
Matching pairs: 39406 of 0   0.03: 0
Fri May 17 13:32:48 EDT 2024
IV.T1212.cc.HNN.S
Matching pairs: 30910 of 0   0.03: 0
Fri May 17 13:32:48 EDT 2024
IV.T1214.cc.EHE.S
Matching pairs: 101268 of 0   0.03: 0
Fri May 17 13:32:49 EDT 2024
IV.T1214.cc.EHN.S
Matching pairs: 114589 of 0   0.03: 0
Fri May 17 13:32:49 EDT 2024
IV.T1214.cc.HHE.S
Matching pairs: 1 of 0   0.03: 0
Fri May 17 13:32:49 EDT 2024
IV.T1214.cc.HHN.S
Matching pairs: 1 of 0   0.03: 0
Fri May 17 13:32:49 EDT 2024
IV.T1214.cc.HNE.S
Matching pairs: 53156 of 0   0.03: 0
Fri May 17 13:32:49 EDT 2024
IV.T1214.cc.HNN.S
Matching pairs: 32942 of 0   0.03: 0
Fri May 17 13:32:49 EDT 2024
IV.T1215.cc.EHE.S
Matching pairs: 62169 of 0   0.03: 0
Fri May 17 13:32:49 EDT 2024
IV.T1215.cc.EHN.S
Matching pairs: 68175 of 0   0.03: 0
Fri May 17 13:32:49 EDT 2024
IV.T1215.cc.HHE.S
Matching pairs: 1 of 0   0.03: 0
Fri May 17 13:32:49 EDT 2024
IV.T1215.cc.HHN.S
Matching pairs: 1 of 0   0.03: 0
Fri May 17 13:32:49 EDT 2024
IV.T1215.cc.HNE.S
Matching pairs: 3387 of 0   0.03: 0
Fri May 17 13:32:49 EDT 2024
IV.T1215.cc.HNN.S
Matching pairs: 5424 of 0   0.03: 0
Fri May 17 13:32:49 EDT 2024
IV.T1216.cc.EHE.S
Matching pairs: 53980 of 0   0.03: 0
Fri May 17 13:32:49 EDT 2024
IV.T1216.cc.EHN.S
Matching pairs: 72980 of 0   0.03: 0
Fri May 17 13:32:49 EDT 2024
IV.T1216.cc.HHE.S
Matching pairs: 1 of 0   0.03: 0
Fri May 17 13:32:49 EDT 2024
IV.T1216.cc.HHN.S
Matching pairs: 1 of 0   0.03: 0
Fri May 17 13:32:49 EDT 2024
IV.T1216.cc.HNE.S
Matching pairs: 21590 of 0   0.03: 0
Fri May 17 13:32:49 EDT 2024
IV.T1216.cc.HNN.S
Matching pairs: 19531 of 0   0.03: 0
Fri May 17 13:32:49 EDT 2024
IV.T1217.cc.EHE.S
Matching pairs: 30740 of 0   0.03: 0
Fri May 17 13:32:49 EDT 2024
IV.T1217.cc.EHN.S
Matching pairs: 102846 of 0   0.03: 0
Fri May 17 13:32:49 EDT 2024
IV.T1217.cc.HHE.S
Matching pairs: 1 of 0   0.03: 0
Fri May 17 13:32:49 EDT 2024
IV.T1217.cc.HHN.S
Matching pairs: 1 of 0   0.03: 0
Fri May 17 13:32:49 EDT 2024
IV.T1217.cc.HNE.S
Matching pairs: 3321 of 0   0.03: 0
Fri May 17 13:32:49 EDT 2024
IV.T1217.cc.HNN.S
Matching pairs: 8724 of 0   0.03: 0
Fri May 17 13:32:49 EDT 2024
IV.T1218.cc.EHE.S
Matching pairs: 3024 of 0   0.03: 0
Fri May 17 13:32:49 EDT 2024
IV.T1218.cc.EHN.S
Matching pairs: 1 of 0   0.03: 0
Fri May 17 13:32:49 EDT 2024
IV.T1218.cc.HHE.S
Matching pairs: 1 of 0   0.03: 0
Fri May 17 13:32:49 EDT 2024
IV.T1218.cc.HHN.S
Matching pairs: 1 of 0   0.03: 0
Fri May 17 13:32:49 EDT 2024
IV.T1218.cc.HNE.S
Matching pairs: 1 of 0   0.03: 0
Fri May 17 13:32:49 EDT 2024
IV.T1218.cc.HNN.S
Matching pairs: 1369 of 0   0.03: 0
Fri May 17 13:32:49 EDT 2024
IV.T1241.cc.EHE.S
Matching pairs: 1 of 0   0.03: 0
Fri May 17 13:32:49 EDT 2024
IV.T1241.cc.EHN.S
Matching pairs: 1 of 0   0.03: 0
Fri May 17 13:32:49 EDT 2024
IV.T1241.cc.HHE.S
Matching pairs: 1 of 0   0.03: 0
Fri May 17 13:32:49 EDT 2024
IV.T1241.cc.HHN.S
Matching pairs: 1 of 0   0.03: 0
Fri May 17 13:32:49 EDT 2024
IV.T1241.cc.HNE.S
Matching pairs: 1 of 0   0.03: 0
Fri May 17 13:32:49 EDT 2024
IV.T1241.cc.HNN.S
Matching pairs: 1 of 0   0.03: 0
Fri May 17 13:32:49 EDT 2024
IV.T1243.cc.EHE.S
Matching pairs: 1 of 0   0.03: 0
Fri May 17 13:32:49 EDT 2024
IV.T1243.cc.EHN.S
Matching pairs: 1 of 0   0.03: 0
Fri May 17 13:32:49 EDT 2024
IV.T1243.cc.HHE.S
Matching pairs: 1 of 0   0.03: 0
Fri May 17 13:32:49 EDT 2024
IV.T1243.cc.HHN.S
Matching pairs: 1 of 0   0.03: 0
Fri May 17 13:32:49 EDT 2024
IV.T1243.cc.HNE.S
Matching pairs: 1 of 0   0.03: 0
Fri May 17 13:32:49 EDT 2024
IV.T1243.cc.HNN.S
Matching pairs: 1 of 0   0.03: 0
Fri May 17 13:32:49 EDT 2024
IV.T1244.cc.EHE.S
Matching pairs: 1 of 0   0.03: 0
Fri May 17 13:32:49 EDT 2024
IV.T1244.cc.EHN.S
Matching pairs: 1 of 0   0.03: 0
Fri May 17 13:32:49 EDT 2024
IV.T1244.cc.HHE.S
Matching pairs: 1 of 0   0.03: 0
Fri May 17 13:32:49 EDT 2024
IV.T1244.cc.HHN.S
Matching pairs: 1 of 0   0.03: 0
Fri May 17 13:32:49 EDT 2024
IV.T1244.cc.HNE.S
Matching pairs: 1 of 0   0.03: 0
Fri May 17 13:32:49 EDT 2024
IV.T1244.cc.HNN.S
Matching pairs: 1 of 0   0.03: 0
Fri May 17 13:32:49 EDT 2024
IV.T1245.cc.EHE.S
Matching pairs: 1 of 0   0.03: 0
Fri May 17 13:32:49 EDT 2024
IV.T1245.cc.EHN.S
Matching pairs: 1 of 0   0.03: 0
Fri May 17 13:32:49 EDT 2024
IV.T1245.cc.HHE.S
Matching pairs: 1 of 0   0.03: 0
Fri May 17 13:32:49 EDT 2024
IV.T1245.cc.HHN.S
Matching pairs: 1 of 0   0.03: 0
Fri May 17 13:32:49 EDT 2024
IV.T1245.cc.HNE.S
Matching pairs: 1 of 0   0.03: 0
Fri May 17 13:32:49 EDT 2024
IV.T1245.cc.HNN.S
Matching pairs: 1 of 0   0.03: 0
Fri May 17 13:32:49 EDT 2024
IV.T1246.cc.EHE.S
Matching pairs: 1 of 0   0.03: 0
Fri May 17 13:32:49 EDT 2024
IV.T1246.cc.EHN.S
Matching pairs: 1 of 0   0.03: 0
Fri May 17 13:32:49 EDT 2024
IV.T1246.cc.HHE.S
Matching pairs: 1 of 0   0.03: 0
Fri May 17 13:32:49 EDT 2024
IV.T1246.cc.HHN.S
Matching pairs: 1 of 0   0.03: 0
Fri May 17 13:32:49 EDT 2024
IV.T1246.cc.HNE.S
Matching pairs: 1 of 0   0.03: 0
Fri May 17 13:32:49 EDT 2024
IV.T1246.cc.HNN.S
Matching pairs: 1 of 0   0.03: 0
Fri May 17 13:32:49 EDT 2024
IV.T1247.cc.EHE.S
Matching pairs: 1 of 0   0.03: 0
Fri May 17 13:32:49 EDT 2024
IV.T1247.cc.EHN.S
Matching pairs: 1 of 0   0.03: 0
Fri May 17 13:32:49 EDT 2024
IV.T1247.cc.HHE.S
Matching pairs: 1 of 0   0.03: 0
Fri May 17 13:32:49 EDT 2024
IV.T1247.cc.HHN.S
Matching pairs: 1 of 0   0.03: 0
Fri May 17 13:32:49 EDT 2024
IV.T1247.cc.HNE.S
Matching pairs: 1 of 0   0.03: 0
Fri May 17 13:32:49 EDT 2024
IV.T1247.cc.HNN.S
Matching pairs: 1 of 0   0.03: 0
Fri May 17 13:32:49 EDT 2024
IV.T1299.cc.EHE.S
Matching pairs: 1 of 0   0.03: 0
Fri May 17 13:32:49 EDT 2024
IV.T1299.cc.EHN.S
Matching pairs: 1 of 0   0.03: 0
Fri May 17 13:32:49 EDT 2024
IV.T1299.cc.HHE.S
Matching pairs: 1 of 0   0.03: 0
Fri May 17 13:32:49 EDT 2024
IV.T1299.cc.HHN.S
Matching pairs: 1 of 0   0.03: 0
Fri May 17 13:32:49 EDT 2024
IV.T1299.cc.HNE.S
Matching pairs: 1 of 0   0.03: 0
Fri May 17 13:32:49 EDT 2024
IV.T1299.cc.HNN.S
Matching pairs: 1 of 0   0.03: 0
Fri May 17 13:32:49 EDT 2024
IV.TERO.cc.EHE.S
Matching pairs: 1 of 0   0.03: 0
Fri May 17 13:32:49 EDT 2024
IV.TERO.cc.EHN.S
Matching pairs: 1 of 0   0.03: 0
Fri May 17 13:32:49 EDT 2024
IV.TERO.cc.HHE.S
Matching pairs: 1 of 0   0.03: 0
Fri May 17 13:32:49 EDT 2024
IV.TERO.cc.HHN.S
Matching pairs: 1 of 0   0.03: 0
Fri May 17 13:32:49 EDT 2024
IV.TERO.cc.HNE.S
Matching pairs: 1 of 0   0.03: 0
Fri May 17 13:32:49 EDT 2024
IV.TERO.cc.HNN.S
Matching pairs: 1 of 0   0.03: 0
Fri May 17 13:32:49 EDT 2024
IV.TRE1.cc.EHE.S
Matching pairs: 1 of 0   0.03: 0
Fri May 17 13:32:49 EDT 2024
IV.TRE1.cc.EHN.S
Matching pairs: 1 of 0   0.03: 0
Fri May 17 13:32:49 EDT 2024
IV.TRE1.cc.HHE.S
Matching pairs: 1 of 0   0.03: 0
Fri May 17 13:32:49 EDT 2024
IV.TRE1.cc.HHN.S
Matching pairs: 1 of 0   0.03: 0
Fri May 17 13:32:49 EDT 2024
IV.TRE1.cc.HNE.S
Matching pairs: 1 of 0   0.03: 0
Fri May 17 13:32:49 EDT 2024
IV.TRE1.cc.HNN.S
Matching pairs: 1 of 0   0.03: 0
Fri May 17 13:32:49 EDT 2024
IV.TRTR.cc.EHE.S
Matching pairs: 1 of 0   0.03: 0
Fri May 17 13:32:49 EDT 2024
IV.TRTR.cc.EHN.S
Matching pairs: 1 of 0   0.03: 0
Fri May 17 13:32:49 EDT 2024
IV.TRTR.cc.HHE.S
Matching pairs: 1 of 0   0.03: 0
Fri May 17 13:32:49 EDT 2024
IV.TRTR.cc.HHN.S
Matching pairs: 1 of 0   0.03: 0
Fri May 17 13:32:49 EDT 2024
IV.TRTR.cc.HNE.S
Matching pairs: 1 of 0   0.03: 0
Fri May 17 13:32:49 EDT 2024
IV.TRTR.cc.HNN.S
Matching pairs: 1 of 0   0.03: 0
Fri May 17 13:32:49 EDT 2024
IV.VCEL.cc.EHE.S
Matching pairs: 1 of 0   0.03: 0
Fri May 17 13:32:49 EDT 2024
IV.VCEL.cc.EHN.S
Matching pairs: 1 of 0   0.03: 0
Fri May 17 13:32:49 EDT 2024
IV.VCEL.cc.HHE.S
Matching pairs: 1 of 0   0.03: 0
Fri May 17 13:32:49 EDT 2024
IV.VCEL.cc.HHN.S
Matching pairs: 1 of 0   0.03: 0
Fri May 17 13:32:49 EDT 2024
IV.VCEL.cc.HNE.S
Matching pairs: 1 of 0   0.03: 0
Fri May 17 13:32:49 EDT 2024
IV.VCEL.cc.HNN.S
Matching pairs: 1 of 0   0.03: 0
Fri May 17 13:32:49 EDT 2024
IV.VVLD.cc.EHE.S
Matching pairs: 1 of 0   0.03: 0
Fri May 17 13:32:49 EDT 2024
IV.VVLD.cc.EHN.S
Matching pairs: 1 of 0   0.03: 0
Fri May 17 13:32:49 EDT 2024
IV.VVLD.cc.HHE.S
Matching pairs: 1 of 0   0.03: 0
Fri May 17 13:32:49 EDT 2024
IV.VVLD.cc.HHN.S
Matching pairs: 1 of 0   0.03: 0
Fri May 17 13:32:49 EDT 2024
IV.VVLD.cc.HNE.S
Matching pairs: 1 of 0   0.03: 0
Fri May 17 13:32:49 EDT 2024
IV.VVLD.cc.HNN.S
Matching pairs: 1 of 0   0.03: 0
Fri May 17 13:32:49 EDT 2024
YR.ED01.cc.EHE.S
Matching pairs: 1 of 0   0.03: 0
Fri May 17 13:32:49 EDT 2024
YR.ED01.cc.EHN.S
Matching pairs: 1 of 0   0.03: 0
Fri May 17 13:32:49 EDT 2024
YR.ED01.cc.HHE.S
Matching pairs: 112345 of 0   0.03: 0
Fri May 17 13:32:49 EDT 2024
YR.ED01.cc.HHN.S
Matching pairs: 93383 of 0   0.03: 0
Fri May 17 13:32:49 EDT 2024
YR.ED01.cc.HNE.S
Matching pairs: 1 of 0   0.03: 0
Fri May 17 13:32:49 EDT 2024
YR.ED01.cc.HNN.S
Matching pairs: 1 of 0   0.03: 0
Fri May 17 13:32:49 EDT 2024
YR.ED02.cc.EHE.S
Matching pairs: 1 of 0   0.03: 0
Fri May 17 13:32:49 EDT 2024
YR.ED02.cc.EHN.S
Matching pairs: 1 of 0   0.03: 0
Fri May 17 13:32:49 EDT 2024
YR.ED02.cc.HHE.S
Matching pairs: 6130 of 0   0.03: 0
Fri May 17 13:32:49 EDT 2024
YR.ED02.cc.HHN.S
Matching pairs: 55920 of 0   0.03: 0
Fri May 17 13:32:50 EDT 2024
YR.ED02.cc.HNE.S
Matching pairs: 1 of 0   0.03: 0
Fri May 17 13:32:50 EDT 2024
YR.ED02.cc.HNN.S
Matching pairs: 1 of 0   0.03: 0
Fri May 17 13:32:50 EDT 2024
YR.ED03.cc.EHE.S
Matching pairs: 1 of 0   0.03: 0
Fri May 17 13:32:50 EDT 2024
YR.ED03.cc.EHN.S
Matching pairs: 1 of 0   0.03: 0
Fri May 17 13:32:50 EDT 2024
YR.ED03.cc.HHE.S
Matching pairs: 76466 of 0   0.03: 0
Fri May 17 13:32:50 EDT 2024
YR.ED03.cc.HHN.S
Matching pairs: 22576 of 0   0.03: 0
Fri May 17 13:32:50 EDT 2024
YR.ED03.cc.HNE.S
Matching pairs: 1 of 0   0.03: 0
Fri May 17 13:32:50 EDT 2024
YR.ED03.cc.HNN.S
Matching pairs: 1 of 0   0.03: 0
Fri May 17 13:32:50 EDT 2024
YR.ED04.cc.EHE.S
Matching pairs: 1 of 0   0.03: 0
Fri May 17 13:32:50 EDT 2024
YR.ED04.cc.EHN.S
Matching pairs: 1 of 0   0.03: 0
Fri May 17 13:32:50 EDT 2024
YR.ED04.cc.HHE.S
Matching pairs: 41155 of 0   0.03: 0
Fri May 17 13:32:50 EDT 2024
YR.ED04.cc.HHN.S
Matching pairs: 111079 of 0   0.03: 0
Fri May 17 13:32:50 EDT 2024
YR.ED04.cc.HNE.S
Matching pairs: 1 of 0   0.03: 0
Fri May 17 13:32:50 EDT 2024
YR.ED04.cc.HNN.S
Matching pairs: 1 of 0   0.03: 0
Fri May 17 13:32:50 EDT 2024
YR.ED05.cc.EHE.S
Matching pairs: 1 of 0   0.03: 0
Fri May 17 13:32:50 EDT 2024
YR.ED05.cc.EHN.S
Matching pairs: 1 of 0   0.03: 0
Fri May 17 13:32:50 EDT 2024
YR.ED05.cc.HHE.S
Matching pairs: 46688 of 0   0.03: 0
Fri May 17 13:32:50 EDT 2024
YR.ED05.cc.HHN.S
Matching pairs: 37172 of 0   0.03: 0
Fri May 17 13:32:50 EDT 2024
YR.ED05.cc.HNE.S
Matching pairs: 1 of 0   0.03: 0
Fri May 17 13:32:50 EDT 2024
YR.ED05.cc.HNN.S
Matching pairs: 1 of 0   0.03: 0
Fri May 17 13:32:50 EDT 2024
YR.ED06.cc.EHE.S
Matching pairs: 1 of 0   0.03: 0
Fri May 17 13:32:50 EDT 2024
YR.ED06.cc.EHN.S
Matching pairs: 1 of 0   0.03: 0
Fri May 17 13:32:50 EDT 2024
YR.ED06.cc.HHE.S
Matching pairs: 42060 of 0   0.03: 0
Fri May 17 13:32:50 EDT 2024
YR.ED06.cc.HHN.S
Matching pairs: 84438 of 0   0.03: 0
Fri May 17 13:32:50 EDT 2024
YR.ED06.cc.HNE.S
Matching pairs: 1 of 0   0.03: 0
Fri May 17 13:32:50 EDT 2024
YR.ED06.cc.HNN.S
Matching pairs: 1 of 0   0.03: 0
Fri May 17 13:32:50 EDT 2024
YR.ED07.cc.EHE.S
Matching pairs: 1 of 0   0.03: 0
Fri May 17 13:32:50 EDT 2024
YR.ED07.cc.EHN.S
Matching pairs: 1 of 0   0.03: 0
Fri May 17 13:32:50 EDT 2024
YR.ED07.cc.HHE.S
Matching pairs: 71509 of 0   0.03: 0
Fri May 17 13:32:50 EDT 2024
YR.ED07.cc.HHN.S
Matching pairs: 74662 of 0   0.03: 0
Fri May 17 13:32:50 EDT 2024
YR.ED07.cc.HNE.S
Matching pairs: 1 of 0   0.03: 0
Fri May 17 13:32:50 EDT 2024
YR.ED07.cc.HNN.S
Matching pairs: 1 of 0   0.03: 0
Fri May 17 13:32:50 EDT 2024
YR.ED08.cc.EHE.S
Matching pairs: 1 of 0   0.03: 0
Fri May 17 13:32:50 EDT 2024
YR.ED08.cc.EHN.S
Matching pairs: 1 of 0   0.03: 0
Fri May 17 13:32:50 EDT 2024
YR.ED08.cc.HHE.S
Matching pairs: 821 of 0   0.03: 0
Fri May 17 13:32:50 EDT 2024
YR.ED08.cc.HHN.S
Matching pairs: 9292 of 0   0.03: 0
Fri May 17 13:32:50 EDT 2024
YR.ED08.cc.HNE.S
Matching pairs: 1 of 0   0.03: 0
Fri May 17 13:32:50 EDT 2024
YR.ED08.cc.HNN.S
Matching pairs: 1 of 0   0.03: 0
Fri May 17 13:32:50 EDT 2024
YR.ED09.cc.EHE.S
Matching pairs: 1 of 0   0.03: 0
Fri May 17 13:32:50 EDT 2024
YR.ED09.cc.EHN.S
Matching pairs: 1 of 0   0.03: 0
Fri May 17 13:32:50 EDT 2024
YR.ED09.cc.HHE.S
Matching pairs: 275190 of 0   0.03: 0
Fri May 17 13:32:50 EDT 2024
YR.ED09.cc.HHN.S
Matching pairs: 133992 of 0   0.03: 0
Fri May 17 13:32:50 EDT 2024
YR.ED09.cc.HNE.S
Matching pairs: 1 of 0   0.03: 0
Fri May 17 13:32:50 EDT 2024
YR.ED09.cc.HNN.S
Matching pairs: 1 of 0   0.03: 0
Fri May 17 13:32:50 EDT 2024
YR.ED10.cc.EHE.S
Matching pairs: 1 of 0   0.03: 0
Fri May 17 13:32:50 EDT 2024
YR.ED10.cc.EHN.S
Matching pairs: 1 of 0   0.03: 0
Fri May 17 13:32:50 EDT 2024
YR.ED10.cc.HHE.S
Matching pairs: 206258 of 0   0.03: 0
Fri May 17 13:32:51 EDT 2024
YR.ED10.cc.HHN.S
Matching pairs: 150132 of 0   0.03: 0
Fri May 17 13:32:51 EDT 2024
YR.ED10.cc.HNE.S
Matching pairs: 1 of 0   0.03: 0
Fri May 17 13:32:51 EDT 2024
YR.ED10.cc.HNN.S
Matching pairs: 1 of 0   0.03: 0
Fri May 17 13:32:51 EDT 2024
YR.ED11.cc.EHE.S
Matching pairs: 1 of 0   0.03: 0
Fri May 17 13:32:51 EDT 2024
YR.ED11.cc.EHN.S
Matching pairs: 1 of 0   0.03: 0
Fri May 17 13:32:51 EDT 2024
YR.ED11.cc.HHE.S
Matching pairs: 28225 of 0   0.03: 0
Fri May 17 13:32:51 EDT 2024
YR.ED11.cc.HHN.S
Matching pairs: 56145 of 0   0.03: 0
Fri May 17 13:32:51 EDT 2024
YR.ED11.cc.HNE.S
Matching pairs: 1 of 0   0.03: 0
Fri May 17 13:32:51 EDT 2024
YR.ED11.cc.HNN.S
Matching pairs: 1 of 0   0.03: 0
Fri May 17 13:32:51 EDT 2024
YR.ED12.cc.EHE.S
Matching pairs: 1 of 0   0.03: 0
Fri May 17 13:32:51 EDT 2024
YR.ED12.cc.EHN.S
Matching pairs: 1 of 0   0.03: 0
Fri May 17 13:32:51 EDT 2024
YR.ED12.cc.HHE.S
Matching pairs: 24992 of 0   0.03: 0
Fri May 17 13:32:51 EDT 2024
YR.ED12.cc.HHN.S
Matching pairs: 136383 of 0   0.03: 0
Fri May 17 13:32:51 EDT 2024
YR.ED12.cc.HNE.S
Matching pairs: 1 of 0   0.03: 0
Fri May 17 13:32:51 EDT 2024
YR.ED12.cc.HNN.S
Matching pairs: 1 of 0   0.03: 0
Fri May 17 13:32:51 EDT 2024
YR.ED14.cc.EHE.S
Matching pairs: 1 of 0   0.03: 0
Fri May 17 13:32:51 EDT 2024
YR.ED14.cc.EHN.S
Matching pairs: 1 of 0   0.03: 0
Fri May 17 13:32:51 EDT 2024
YR.ED14.cc.HHE.S
Matching pairs: 45851 of 0   0.03: 0
Fri May 17 13:32:51 EDT 2024
YR.ED14.cc.HHN.S
Matching pairs: 33982 of 0   0.03: 0
Fri May 17 13:32:51 EDT 2024
YR.ED14.cc.HNE.S
Matching pairs: 1 of 0   0.03: 0
Fri May 17 13:32:51 EDT 2024
YR.ED14.cc.HNN.S
Matching pairs: 1 of 0   0.03: 0
Fri May 17 13:32:51 EDT 2024
YR.ED15.cc.EHE.S
Matching pairs: 1 of 0   0.03: 0
Fri May 17 13:32:51 EDT 2024
YR.ED15.cc.EHN.S
Matching pairs: 1 of 0   0.03: 0
Fri May 17 13:32:51 EDT 2024
YR.ED15.cc.HHE.S
Matching pairs: 104026 of 0   0.03: 0
Fri May 17 13:32:51 EDT 2024
YR.ED15.cc.HHN.S
Matching pairs: 46994 of 0   0.03: 0
Fri May 17 13:32:51 EDT 2024
YR.ED15.cc.HNE.S
Matching pairs: 1 of 0   0.03: 0
Fri May 17 13:32:51 EDT 2024
YR.ED15.cc.HNN.S
Matching pairs: 1 of 0   0.03: 0
Fri May 17 13:32:51 EDT 2024
YR.ED16.cc.EHE.S
Matching pairs: 1 of 0   0.03: 0
Fri May 17 13:32:51 EDT 2024
YR.ED16.cc.EHN.S
Matching pairs: 1 of 0   0.03: 0
Fri May 17 13:32:51 EDT 2024
YR.ED16.cc.HHE.S
Matching pairs: 204661 of 0   0.03: 0
Fri May 17 13:32:51 EDT 2024
YR.ED16.cc.HHN.S
Matching pairs: 186811 of 0   0.03: 0
Fri May 17 13:32:51 EDT 2024
YR.ED16.cc.HNE.S
Matching pairs: 1 of 0   0.03: 0
Fri May 17 13:32:51 EDT 2024
YR.ED16.cc.HNN.S
Matching pairs: 1 of 0   0.03: 0
Fri May 17 13:32:51 EDT 2024
YR.ED17.cc.EHE.S
Matching pairs: 1 of 0   0.03: 0
Fri May 17 13:32:51 EDT 2024
YR.ED17.cc.EHN.S
Matching pairs: 1 of 0   0.03: 0
Fri May 17 13:32:51 EDT 2024
YR.ED17.cc.HHE.S
Matching pairs: 37588 of 0   0.03: 0
Fri May 17 13:32:51 EDT 2024
YR.ED17.cc.HHN.S
Matching pairs: 66381 of 0   0.03: 0
Fri May 17 13:32:51 EDT 2024
YR.ED17.cc.HNE.S
Matching pairs: 1 of 0   0.03: 0
Fri May 17 13:32:51 EDT 2024
YR.ED17.cc.HNN.S
Matching pairs: 1 of 0   0.03: 0
Fri May 17 13:32:51 EDT 2024
YR.ED18.cc.EHE.S
Matching pairs: 1 of 0   0.03: 0
Fri May 17 13:32:51 EDT 2024
YR.ED18.cc.EHN.S
Matching pairs: 1 of 0   0.03: 0
Fri May 17 13:32:51 EDT 2024
YR.ED18.cc.HHE.S
Matching pairs: 1 of 0   0.03: 0
Fri May 17 13:32:51 EDT 2024
YR.ED18.cc.HHN.S
Matching pairs: 992 of 0   0.03: 0
Fri May 17 13:32:51 EDT 2024
YR.ED18.cc.HNE.S
Matching pairs: 1 of 0   0.03: 0
Fri May 17 13:32:51 EDT 2024
YR.ED18.cc.HNN.S
Matching pairs: 1 of 0   0.03: 0
Fri May 17 13:32:52 EDT 2024
YR.ED19.cc.EHE.S
Matching pairs: 1 of 0   0.03: 0
Fri May 17 13:32:52 EDT 2024
YR.ED19.cc.EHN.S
Matching pairs: 1 of 0   0.03: 0
Fri May 17 13:32:52 EDT 2024
YR.ED19.cc.HHE.S
Matching pairs: 89164 of 0   0.03: 0
Fri May 17 13:32:52 EDT 2024
YR.ED19.cc.HHN.S
Matching pairs: 128662 of 0   0.03: 0
Fri May 17 13:32:52 EDT 2024
YR.ED19.cc.HNE.S
Matching pairs: 1 of 0   0.03: 0
Fri May 17 13:32:52 EDT 2024
YR.ED19.cc.HNN.S
Matching pairs: 1 of 0   0.03: 0
Fri May 17 13:32:52 EDT 2024
YR.ED20.cc.EHE.S
Matching pairs: 1 of 0   0.03: 0
Fri May 17 13:32:52 EDT 2024
YR.ED20.cc.EHN.S
Matching pairs: 1 of 0   0.03: 0
Fri May 17 13:32:52 EDT 2024
YR.ED20.cc.HHE.S
Matching pairs: 104670 of 0   0.03: 0
Fri May 17 13:32:52 EDT 2024
YR.ED20.cc.HHN.S
Matching pairs: 103980 of 0   0.03: 0
Fri May 17 13:32:52 EDT 2024
YR.ED20.cc.HNE.S
Matching pairs: 1 of 0   0.03: 0
Fri May 17 13:32:52 EDT 2024
YR.ED20.cc.HNN.S
Matching pairs: 1 of 0   0.03: 0
Fri May 17 13:32:52 EDT 2024
YR.ED21.cc.EHE.S
Matching pairs: 1 of 0   0.03: 0
Fri May 17 13:32:52 EDT 2024
YR.ED21.cc.EHN.S
Matching pairs: 1 of 0   0.03: 0
Fri May 17 13:32:52 EDT 2024
YR.ED21.cc.HHE.S
Matching pairs: 2293 of 0   0.03: 0
Fri May 17 13:32:52 EDT 2024
YR.ED21.cc.HHN.S
Matching pairs: 14674 of 0   0.03: 0
Fri May 17 13:32:52 EDT 2024
YR.ED21.cc.HNE.S
Matching pairs: 1 of 0   0.03: 0
Fri May 17 13:32:52 EDT 2024
YR.ED21.cc.HNN.S
Matching pairs: 1 of 0   0.03: 0
Fri May 17 13:32:52 EDT 2024
YR.ED22.cc.EHE.S
Matching pairs: 1 of 0   0.03: 0
Fri May 17 13:32:52 EDT 2024
YR.ED22.cc.EHN.S
Matching pairs: 1 of 0   0.03: 0
Fri May 17 13:32:52 EDT 2024
YR.ED22.cc.HHE.S
Matching pairs: 84542 of 0   0.03: 0
Fri May 17 13:32:52 EDT 2024
YR.ED22.cc.HHN.S
Matching pairs: 48596 of 0   0.03: 0
Fri May 17 13:32:52 EDT 2024
YR.ED22.cc.HNE.S
Matching pairs: 1 of 0   0.03: 0
Fri May 17 13:32:52 EDT 2024
YR.ED22.cc.HNN.S
Matching pairs: 1 of 0   0.03: 0
Fri May 17 13:32:52 EDT 2024
YR.ED23.cc.EHE.S
Matching pairs: 1 of 0   0.03: 0
Fri May 17 13:32:52 EDT 2024
YR.ED23.cc.EHN.S
Matching pairs: 1 of 0   0.03: 0
Fri May 17 13:32:52 EDT 2024
YR.ED23.cc.HHE.S
Matching pairs: 110159 of 0   0.03: 0
Fri May 17 13:32:52 EDT 2024
YR.ED23.cc.HHN.S
Matching pairs: 114775 of 0   0.03: 0
Fri May 17 13:32:52 EDT 2024
YR.ED23.cc.HNE.S
Matching pairs: 1 of 0   0.03: 0
Fri May 17 13:32:52 EDT 2024
YR.ED23.cc.HNN.S
Matching pairs: 1 of 0   0.03: 0
Fri May 17 13:32:52 EDT 2024
YR.ED24.cc.EHE.S
Matching pairs: 1 of 0   0.03: 0
Fri May 17 13:32:52 EDT 2024
YR.ED24.cc.EHN.S
Matching pairs: 1 of 0   0.03: 0
Fri May 17 13:32:52 EDT 2024
YR.ED24.cc.HHE.S
Matching pairs: 181168 of 0   0.03: 0
Fri May 17 13:32:52 EDT 2024
YR.ED24.cc.HHN.S
Matching pairs: 159779 of 0   0.03: 0
Fri May 17 13:32:52 EDT 2024
YR.ED24.cc.HNE.S
Matching pairs: 1 of 0   0.03: 0
Fri May 17 13:32:52 EDT 2024
YR.ED24.cc.HNN.S
Matching pairs: 1 of 0   0.03: 0
Fri May 17 13:32:52 EDT 2024
YR.ED25.cc.EHE.S
Matching pairs: 1 of 0   0.03: 0
Fri May 17 13:32:52 EDT 2024
YR.ED25.cc.EHN.S
Matching pairs: 1 of 0   0.03: 0
Fri May 17 13:32:52 EDT 2024
YR.ED25.cc.HHE.S
Matching pairs: 31037 of 0   0.03: 0
Fri May 17 13:32:52 EDT 2024
YR.ED25.cc.HHN.S
Matching pairs: 6052 of 0   0.03: 0
Fri May 17 13:32:52 EDT 2024
YR.ED25.cc.HNE.S
Matching pairs: 1 of 0   0.03: 0
Fri May 17 13:32:52 EDT 2024
YR.ED25.cc.HNN.S
Matching pairs: 1 of 0   0.03: 0
Fri May 17 13:32:52 EDT 2024
